{"C:\\Users\\USER\\Desktop\\space-invaders- deepseek\\frontend\\dist\\assets\\index-C0BrghEa.js": {"path":"C:\\Users\\USER\\Desktop\\space-invaders- deepseek\\frontend\\dist\\assets\\index-C0BrghEa.js","statementMap":{"0":{"start":{"line":1,"column":7},"end":{"line":1,"column":28}},"1":{"start":{"line":1,"column":36},"end":{"line":1,"column":118}},"2":{"start":{"line":1,"column":45},"end":{"line":1,"column":118}},"3":{"start":{"line":1,"column":125},"end":{"line":1,"column":167}},"4":{"start":{"line":1,"column":134},"end":{"line":1,"column":167}},"5":{"start":{"line":1,"column":168},"end":{"line":1,"column":878}},"6":{"start":{"line":1,"column":188},"end":{"line":1,"column":226}},"7":{"start":{"line":1,"column":227},"end":{"line":1,"column":280}},"8":{"start":{"line":1,"column":273},"end":{"line":1,"column":280}},"9":{"start":{"line":1,"column":280},"end":{"line":1,"column":355}},"10":{"start":{"line":1,"column":350},"end":{"line":1,"column":355}},"11":{"start":{"line":1,"column":355},"end":{"line":1,"column":545}},"12":{"start":{"line":1,"column":380},"end":{"line":1,"column":498}},"13":{"start":{"line":1,"column":397},"end":{"line":1,"column":498}},"14":{"start":{"line":1,"column":421},"end":{"line":1,"column":498}},"15":{"start":{"line":1,"column":449},"end":{"line":1,"column":498}},"16":{"start":{"line":1,"column":567},"end":{"line":1,"column":569}},"17":{"start":{"line":1,"column":570},"end":{"line":1,"column":806}},"18":{"start":{"line":1,"column":821},"end":{"line":1,"column":836}},"19":{"start":{"line":1,"column":829},"end":{"line":1,"column":836}},"20":{"start":{"line":1,"column":836},"end":{"line":1,"column":844}},"21":{"start":{"line":1,"column":852},"end":{"line":1,"column":856}},"22":{"start":{"line":1,"column":857},"end":{"line":1,"column":872}},"23":{"start":{"line":1,"column":885},"end":{"line":1,"column":906}},"24":{"start":{"line":1,"column":909},"end":{"line":1,"column":954}},"25":{"start":{"line":1,"column":916},"end":{"line":1,"column":954}},"26":{"start":{"line":1,"column":958},"end":{"line":1,"column":1306}},"27":{"start":{"line":1,"column":964},"end":{"line":1,"column":1049}},"28":{"start":{"line":1,"column":974},"end":{"line":1,"column":993}},"29":{"start":{"line":1,"column":996},"end":{"line":1,"column":997}},"30":{"start":{"line":1,"column":1007},"end":{"line":1,"column":1049}},"31":{"start":{"line":1,"column":1049},"end":{"line":1,"column":1302}},"32":{"start":{"line":1,"column":1060},"end":{"line":1,"column":1293}},"33":{"start":{"line":1,"column":1070},"end":{"line":1,"column":1078}},"34":{"start":{"line":1,"column":1081},"end":{"line":1,"column":1134}},"35":{"start":{"line":1,"column":1137},"end":{"line":1,"column":1138}},"36":{"start":{"line":1,"column":1141},"end":{"line":1,"column":1142}},"37":{"start":{"line":1,"column":1155},"end":{"line":1,"column":1175}},"38":{"start":{"line":1,"column":1178},"end":{"line":1,"column":1198}},"39":{"start":{"line":1,"column":1201},"end":{"line":1,"column":1221}},"40":{"start":{"line":1,"column":1224},"end":{"line":1,"column":1244}},"41":{"start":{"line":1,"column":1245},"end":{"line":1,"column":1292}},"42":{"start":{"line":1,"column":1293},"end":{"line":1,"column":1301}},"43":{"start":{"line":1,"column":1322},"end":{"line":1,"column":1342}},"44":{"start":{"line":1,"column":1343},"end":{"line":1,"column":1359}},"45":{"start":{"line":1,"column":1374},"end":{"line":1,"column":1394}},"46":{"start":{"line":1,"column":1395},"end":{"line":1,"column":1411}},"47":{"start":{"line":1,"column":1430},"end":{"line":1,"column":1476}},"48":{"start":{"line":1,"column":1477},"end":{"line":1,"column":1491}},"49":{"start":{"line":1,"column":1510},"end":{"line":1,"column":1569}},"50":{"start":{"line":1,"column":1552},"end":{"line":1,"column":1569}},"51":{"start":{"line":1,"column":1569},"end":{"line":1,"column":1656}},"52":{"start":{"line":1,"column":1637},"end":{"line":1,"column":1656}},"53":{"start":{"line":1,"column":1656},"end":{"line":1,"column":1750}},"54":{"start":{"line":1,"column":1751},"end":{"line":1,"column":1764}},"55":{"start":{"line":1,"column":1787},"end":{"line":1,"column":1813}},"56":{"start":{"line":1,"column":1814},"end":{"line":1,"column":1826}},"57":{"start":{"line":1,"column":1849},"end":{"line":1,"column":1877}},"58":{"start":{"line":1,"column":1878},"end":{"line":1,"column":1891}},"59":{"start":{"line":1,"column":1901},"end":{"line":1,"column":3519}},"60":{"start":{"line":1,"column":1931},"end":{"line":1,"column":1945}},"61":{"start":{"line":1,"column":1945},"end":{"line":1,"column":1959}},"62":{"start":{"line":1,"column":1959},"end":{"line":1,"column":1976}},"63":{"start":{"line":1,"column":2003},"end":{"line":1,"column":2008}},"64":{"start":{"line":1,"column":2009},"end":{"line":1,"column":2047}},"65":{"start":{"line":1,"column":2056},"end":{"line":1,"column":2084}},"66":{"start":{"line":1,"column":2101},"end":{"line":1,"column":2108}},"67":{"start":{"line":1,"column":2109},"end":{"line":1,"column":2145}},"68":{"start":{"line":1,"column":2162},"end":{"line":1,"column":2169}},"69":{"start":{"line":1,"column":2170},"end":{"line":1,"column":2206}},"70":{"start":{"line":1,"column":2225},"end":{"line":1,"column":2232}},"71":{"start":{"line":1,"column":2233},"end":{"line":1,"column":2269}},"72":{"start":{"line":1,"column":2287},"end":{"line":1,"column":2294}},"73":{"start":{"line":1,"column":2295},"end":{"line":1,"column":2319}},"74":{"start":{"line":1,"column":2338},"end":{"line":1,"column":2345}},"75":{"start":{"line":1,"column":2346},"end":{"line":1,"column":2371}},"76":{"start":{"line":1,"column":2378},"end":{"line":1,"column":2410}},"77":{"start":{"line":1,"column":2418},"end":{"line":1,"column":2439}},"78":{"start":{"line":1,"column":2453},"end":{"line":1,"column":2463}},"79":{"start":{"line":1,"column":2464},"end":{"line":1,"column":2502}},"80":{"start":{"line":1,"column":2512},"end":{"line":1,"column":2541}},"81":{"start":{"line":1,"column":2553},"end":{"line":1,"column":2592}},"82":{"start":{"line":1,"column":2604},"end":{"line":1,"column":2639}},"83":{"start":{"line":1,"column":2650},"end":{"line":1,"column":2682}},"84":{"start":{"line":1,"column":2690},"end":{"line":1,"column":2718}},"85":{"start":{"line":1,"column":2728},"end":{"line":1,"column":2756}},"86":{"start":{"line":1,"column":2775},"end":{"line":1,"column":2782}},"87":{"start":{"line":1,"column":2783},"end":{"line":1,"column":2827}},"88":{"start":{"line":1,"column":2853},"end":{"line":1,"column":2860}},"89":{"start":{"line":1,"column":2861},"end":{"line":1,"column":2909}},"90":{"start":{"line":1,"column":2920},"end":{"line":1,"column":2968}},"91":{"start":{"line":1,"column":2986},"end":{"line":1,"column":2997}},"92":{"start":{"line":1,"column":3000},"end":{"line":1,"column":3013}},"93":{"start":{"line":1,"column":3016},"end":{"line":1,"column":3031}},"94":{"start":{"line":1,"column":3032},"end":{"line":1,"column":3107}},"95":{"start":{"line":1,"column":3117},"end":{"line":1,"column":3146}},"96":{"start":{"line":1,"column":3158},"end":{"line":1,"column":3224}},"97":{"start":{"line":1,"column":3238},"end":{"line":1,"column":3261}},"98":{"start":{"line":1,"column":3268},"end":{"line":1,"column":3301}},"99":{"start":{"line":1,"column":3309},"end":{"line":1,"column":3332}},"100":{"start":{"line":1,"column":3344},"end":{"line":1,"column":3400}},"101":{"start":{"line":1,"column":3538},"end":{"line":1,"column":3665}},"102":{"start":{"line":1,"column":3555},"end":{"line":1,"column":3603}},"103":{"start":{"line":1,"column":3575},"end":{"line":1,"column":3603}},"104":{"start":{"line":1,"column":3603},"end":{"line":1,"column":3664}},"105":{"start":{"line":1,"column":3643},"end":{"line":1,"column":3664}},"106":{"start":{"line":1,"column":3665},"end":{"line":1,"column":3683}},"107":{"start":{"line":1,"column":3684},"end":{"line":1,"column":3696}},"108":{"start":{"line":1,"column":3706},"end":{"line":1,"column":5512}},"109":{"start":{"line":1,"column":3733},"end":{"line":1,"column":3749}},"110":{"start":{"line":1,"column":3749},"end":{"line":1,"column":3765}},"111":{"start":{"line":1,"column":3765},"end":{"line":1,"column":3781}},"112":{"start":{"line":1,"column":3781},"end":{"line":1,"column":3837}},"113":{"start":{"line":1,"column":3858},"end":{"line":1,"column":3886}},"114":{"start":{"line":1,"column":3905},"end":{"line":1,"column":3969}},"115":{"start":{"line":1,"column":3927},"end":{"line":1,"column":3969}},"116":{"start":{"line":1,"column":3969},"end":{"line":1,"column":4166}},"117":{"start":{"line":1,"column":3998},"end":{"line":1,"column":4049}},"118":{"start":{"line":1,"column":4050},"end":{"line":1,"column":4117}},"119":{"start":{"line":1,"column":4123},"end":{"line":1,"column":4166}},"120":{"start":{"line":1,"column":4189},"end":{"line":1,"column":4229}},"121":{"start":{"line":1,"column":4197},"end":{"line":1,"column":4229}},"122":{"start":{"line":1,"column":4235},"end":{"line":1,"column":4334}},"123":{"start":{"line":1,"column":4247},"end":{"line":1,"column":4322}},"124":{"start":{"line":1,"column":4337},"end":{"line":1,"column":4357}},"125":{"start":{"line":1,"column":4360},"end":{"line":1,"column":4365}},"126":{"start":{"line":1,"column":4368},"end":{"line":1,"column":4380}},"127":{"start":{"line":1,"column":4383},"end":{"line":1,"column":4391}},"128":{"start":{"line":1,"column":4394},"end":{"line":1,"column":4406}},"129":{"start":{"line":1,"column":4407},"end":{"line":1,"column":4474}},"130":{"start":{"line":1,"column":4483},"end":{"line":1,"column":4517}},"131":{"start":{"line":1,"column":4529},"end":{"line":1,"column":4569}},"132":{"start":{"line":1,"column":4580},"end":{"line":1,"column":4603}},"133":{"start":{"line":1,"column":4613},"end":{"line":1,"column":4659}},"134":{"start":{"line":1,"column":4668},"end":{"line":1,"column":4726}},"135":{"start":{"line":1,"column":4737},"end":{"line":1,"column":4801}},"136":{"start":{"line":1,"column":4816},"end":{"line":1,"column":4826}},"137":{"start":{"line":1,"column":4829},"end":{"line":1,"column":4839}},"138":{"start":{"line":1,"column":4842},"end":{"line":1,"column":4852}},"139":{"start":{"line":1,"column":4855},"end":{"line":1,"column":4870}},"140":{"start":{"line":1,"column":4873},"end":{"line":1,"column":4888}},"141":{"start":{"line":1,"column":4891},"end":{"line":1,"column":4898}},"142":{"start":{"line":1,"column":4901},"end":{"line":1,"column":4902}},"143":{"start":{"line":1,"column":4905},"end":{"line":1,"column":4906}},"144":{"start":{"line":1,"column":4907},"end":{"line":1,"column":5059}},"145":{"start":{"line":1,"column":4915},"end":{"line":1,"column":4921}},"146":{"start":{"line":1,"column":4932},"end":{"line":1,"column":4935}},"147":{"start":{"line":1,"column":4936},"end":{"line":1,"column":5054}},"148":{"start":{"line":1,"column":4978},"end":{"line":1,"column":4998}},"149":{"start":{"line":1,"column":4998},"end":{"line":1,"column":5004}},"150":{"start":{"line":1,"column":5011},"end":{"line":1,"column":5023}},"151":{"start":{"line":1,"column":5023},"end":{"line":1,"column":5029}},"152":{"start":{"line":1,"column":5036},"end":{"line":1,"column":5048}},"153":{"start":{"line":1,"column":5048},"end":{"line":1,"column":5053}},"154":{"start":{"line":1,"column":5054},"end":{"line":1,"column":5058}},"155":{"start":{"line":1,"column":5059},"end":{"line":1,"column":5072}},"156":{"start":{"line":1,"column":5079},"end":{"line":1,"column":5126}},"157":{"start":{"line":1,"column":5138},"end":{"line":1,"column":5182}},"158":{"start":{"line":1,"column":5191},"end":{"line":1,"column":5264}},"159":{"start":{"line":1,"column":5531},"end":{"line":1,"column":5574}},"160":{"start":{"line":1,"column":5547},"end":{"line":1,"column":5574}},"161":{"start":{"line":1,"column":5574},"end":{"line":1,"column":5747}},"162":{"start":{"line":1,"column":5591},"end":{"line":1,"column":5632}},"163":{"start":{"line":1,"column":5612},"end":{"line":1,"column":5632}},"164":{"start":{"line":1,"column":5632},"end":{"line":1,"column":5681}},"165":{"start":{"line":1,"column":5657},"end":{"line":1,"column":5681}},"166":{"start":{"line":1,"column":5681},"end":{"line":1,"column":5746}},"167":{"start":{"line":1,"column":5721},"end":{"line":1,"column":5746}},"168":{"start":{"line":1,"column":5747},"end":{"line":1,"column":5766}},"169":{"start":{"line":1,"column":5767},"end":{"line":1,"column":5778}},"170":{"start":{"line":1,"column":5785},"end":{"line":1,"column":5824}},"171":{"start":{"line":1,"column":5796},"end":{"line":1,"column":5813}},"172":{"start":{"line":1,"column":5832},"end":{"line":1,"column":6274}},"173":{"start":{"line":1,"column":5862},"end":{"line":1,"column":5876}},"174":{"start":{"line":1,"column":5876},"end":{"line":1,"column":5890}},"175":{"start":{"line":1,"column":5890},"end":{"line":1,"column":5904}},"176":{"start":{"line":1,"column":5904},"end":{"line":1,"column":5918}},"177":{"start":{"line":1,"column":5918},"end":{"line":1,"column":5953}},"178":{"start":{"line":1,"column":5963},"end":{"line":1,"column":6035}},"179":{"start":{"line":1,"column":6042},"end":{"line":1,"column":6069}},"180":{"start":{"line":1,"column":6078},"end":{"line":1,"column":6120}},"181":{"start":{"line":1,"column":6127},"end":{"line":1,"column":6188}},"182":{"start":{"line":1,"column":6200},"end":{"line":1,"column":6256}},"183":{"start":{"line":1,"column":6297},"end":{"line":1,"column":6319}},"184":{"start":{"line":1,"column":6320},"end":{"line":1,"column":6333}},"185":{"start":{"line":1,"column":6344},"end":{"line":1,"column":10595}},"186":{"start":{"line":1,"column":6368},"end":{"line":1,"column":6414}},"187":{"start":{"line":1,"column":6414},"end":{"line":1,"column":6427}},"188":{"start":{"line":1,"column":6448},"end":{"line":1,"column":6500}},"189":{"start":{"line":1,"column":6517},"end":{"line":1,"column":6569}},"190":{"start":{"line":1,"column":6588},"end":{"line":1,"column":6597}},"191":{"start":{"line":1,"column":6603},"end":{"line":1,"column":6614}},"192":{"start":{"line":1,"column":6617},"end":{"line":1,"column":6628}},"193":{"start":{"line":1,"column":6629},"end":{"line":1,"column":6678}},"194":{"start":{"line":1,"column":6697},"end":{"line":1,"column":6706}},"195":{"start":{"line":1,"column":6712},"end":{"line":1,"column":6723}},"196":{"start":{"line":1,"column":6726},"end":{"line":1,"column":6737}},"197":{"start":{"line":1,"column":6738},"end":{"line":1,"column":6787}},"198":{"start":{"line":1,"column":6806},"end":{"line":1,"column":6815}},"199":{"start":{"line":1,"column":6821},"end":{"line":1,"column":6832}},"200":{"start":{"line":1,"column":6835},"end":{"line":1,"column":6846}},"201":{"start":{"line":1,"column":6847},"end":{"line":1,"column":6896}},"202":{"start":{"line":1,"column":6910},"end":{"line":1,"column":7081}},"203":{"start":{"line":1,"column":7091},"end":{"line":1,"column":7222}},"204":{"start":{"line":1,"column":7233},"end":{"line":1,"column":7242}},"205":{"start":{"line":1,"column":7248},"end":{"line":1,"column":7259}},"206":{"start":{"line":1,"column":7262},"end":{"line":1,"column":7273}},"207":{"start":{"line":1,"column":7276},"end":{"line":1,"column":7285}},"208":{"start":{"line":1,"column":7288},"end":{"line":1,"column":7297}},"209":{"start":{"line":1,"column":7300},"end":{"line":1,"column":7309}},"210":{"start":{"line":1,"column":7312},"end":{"line":1,"column":7321}},"211":{"start":{"line":1,"column":7322},"end":{"line":1,"column":7407}},"212":{"start":{"line":1,"column":7422},"end":{"line":1,"column":7424}},"213":{"start":{"line":1,"column":7425},"end":{"line":1,"column":7574}},"214":{"start":{"line":1,"column":7435},"end":{"line":1,"column":7436}},"215":{"start":{"line":1,"column":7445},"end":{"line":1,"column":7574}},"216":{"start":{"line":1,"column":7455},"end":{"line":1,"column":7456}},"217":{"start":{"line":1,"column":7465},"end":{"line":1,"column":7574}},"218":{"start":{"line":1,"column":7574},"end":{"line":1,"column":7590}},"219":{"start":{"line":1,"column":7603},"end":{"line":1,"column":7694}},"220":{"start":{"line":1,"column":7712},"end":{"line":1,"column":7747}},"221":{"start":{"line":1,"column":7759},"end":{"line":1,"column":8086}},"222":{"start":{"line":1,"column":7796},"end":{"line":1,"column":7835}},"223":{"start":{"line":1,"column":7838},"end":{"line":1,"column":7888}},"224":{"start":{"line":1,"column":7889},"end":{"line":1,"column":7908}},"225":{"start":{"line":1,"column":7914},"end":{"line":1,"column":8086}},"226":{"start":{"line":1,"column":7951},"end":{"line":1,"column":7990}},"227":{"start":{"line":1,"column":7993},"end":{"line":1,"column":8043}},"228":{"start":{"line":1,"column":8044},"end":{"line":1,"column":8063}},"229":{"start":{"line":1,"column":8069},"end":{"line":1,"column":8086}},"230":{"start":{"line":1,"column":8101},"end":{"line":1,"column":8448}},"231":{"start":{"line":1,"column":8138},"end":{"line":1,"column":8188}},"232":{"start":{"line":1,"column":8189},"end":{"line":1,"column":8258}},"233":{"start":{"line":1,"column":8264},"end":{"line":1,"column":8448}},"234":{"start":{"line":1,"column":8301},"end":{"line":1,"column":8351}},"235":{"start":{"line":1,"column":8352},"end":{"line":1,"column":8434}},"236":{"start":{"line":1,"column":8440},"end":{"line":1,"column":8448}},"237":{"start":{"line":1,"column":8459},"end":{"line":1,"column":8808}},"238":{"start":{"line":1,"column":8496},"end":{"line":1,"column":8546}},"239":{"start":{"line":1,"column":8547},"end":{"line":1,"column":8619}},"240":{"start":{"line":1,"column":8625},"end":{"line":1,"column":8808}},"241":{"start":{"line":1,"column":8662},"end":{"line":1,"column":8712}},"242":{"start":{"line":1,"column":8713},"end":{"line":1,"column":8785}},"243":{"start":{"line":1,"column":8791},"end":{"line":1,"column":8808}},"244":{"start":{"line":1,"column":8824},"end":{"line":1,"column":8826}},"245":{"start":{"line":1,"column":8829},"end":{"line":1,"column":8872}},"246":{"start":{"line":1,"column":8875},"end":{"line":1,"column":8917}},"247":{"start":{"line":1,"column":8920},"end":{"line":1,"column":8962}},"248":{"start":{"line":1,"column":8965},"end":{"line":1,"column":9007}},"249":{"start":{"line":1,"column":9010},"end":{"line":1,"column":9052}},"250":{"start":{"line":1,"column":9055},"end":{"line":1,"column":9096}},"251":{"start":{"line":1,"column":9099},"end":{"line":1,"column":9140}},"252":{"start":{"line":1,"column":9143},"end":{"line":1,"column":9184}},"253":{"start":{"line":1,"column":9187},"end":{"line":1,"column":9228}},"254":{"start":{"line":1,"column":9231},"end":{"line":1,"column":9272}},"255":{"start":{"line":1,"column":9275},"end":{"line":1,"column":9316}},"256":{"start":{"line":1,"column":9319},"end":{"line":1,"column":9360}},"257":{"start":{"line":1,"column":9363},"end":{"line":1,"column":9404}},"258":{"start":{"line":1,"column":9408},"end":{"line":1,"column":9449}},"259":{"start":{"line":1,"column":9453},"end":{"line":1,"column":9493}},"260":{"start":{"line":1,"column":9496},"end":{"line":1,"column":9536}},"261":{"start":{"line":1,"column":9540},"end":{"line":1,"column":9580}},"262":{"start":{"line":1,"column":9583},"end":{"line":1,"column":9623}},"263":{"start":{"line":1,"column":9627},"end":{"line":1,"column":9666}},"264":{"start":{"line":1,"column":9667},"end":{"line":1,"column":10361}},"265":{"start":{"line":1,"column":10367},"end":{"line":1,"column":10427}},"266":{"start":{"line":1,"column":10428},"end":{"line":1,"column":10490}},"267":{"start":{"line":1,"column":10439},"end":{"line":1,"column":10440}},"268":{"start":{"line":1,"column":10451},"end":{"line":1,"column":10490}},"269":{"start":{"line":1,"column":10462},"end":{"line":1,"column":10463}},"270":{"start":{"line":1,"column":10474},"end":{"line":1,"column":10490}},"271":{"start":{"line":1,"column":10490},"end":{"line":1,"column":10506}},"272":{"start":{"line":1,"column":10515},"end":{"line":1,"column":10541}},"273":{"start":{"line":1,"column":10553},"end":{"line":1,"column":10577}},"274":{"start":{"line":1,"column":10620},"end":{"line":1,"column":10632}},"275":{"start":{"line":1,"column":10634},"end":{"line":1,"column":10659}},"276":{"start":{"line":1,"column":10660},"end":{"line":1,"column":10673}},"277":{"start":{"line":1,"column":10680},"end":{"line":1,"column":10690}},"278":{"start":{"line":1,"column":10694},"end":{"line":1,"column":10699}},"279":{"start":{"line":1,"column":10703},"end":{"line":1,"column":10713}},"280":{"start":{"line":1,"column":10721},"end":{"line":1,"column":11536}},"281":{"start":{"line":1,"column":10745},"end":{"line":1,"column":10760}},"282":{"start":{"line":1,"column":10760},"end":{"line":1,"column":10771}},"283":{"start":{"line":1,"column":10778},"end":{"line":1,"column":10828}},"284":{"start":{"line":1,"column":10844},"end":{"line":1,"column":10869}},"285":{"start":{"line":1,"column":10883},"end":{"line":1,"column":10944}},"286":{"start":{"line":1,"column":10959},"end":{"line":1,"column":11045}},"287":{"start":{"line":1,"column":11059},"end":{"line":1,"column":11093}},"288":{"start":{"line":1,"column":11075},"end":{"line":1,"column":11093}},"289":{"start":{"line":1,"column":11093},"end":{"line":1,"column":11519}},"290":{"start":{"line":1,"column":11110},"end":{"line":1,"column":11165}},"291":{"start":{"line":1,"column":11135},"end":{"line":1,"column":11165}},"292":{"start":{"line":1,"column":11165},"end":{"line":1,"column":11218}},"293":{"start":{"line":1,"column":11185},"end":{"line":1,"column":11218}},"294":{"start":{"line":1,"column":11218},"end":{"line":1,"column":11274}},"295":{"start":{"line":1,"column":11239},"end":{"line":1,"column":11274}},"296":{"start":{"line":1,"column":11280},"end":{"line":1,"column":11519}},"297":{"start":{"line":1,"column":11297},"end":{"line":1,"column":11378}},"298":{"start":{"line":1,"column":11345},"end":{"line":1,"column":11378}},"299":{"start":{"line":1,"column":11378},"end":{"line":1,"column":11447}},"300":{"start":{"line":1,"column":11416},"end":{"line":1,"column":11447}},"301":{"start":{"line":1,"column":11447},"end":{"line":1,"column":11518}},"302":{"start":{"line":1,"column":11487},"end":{"line":1,"column":11518}},"303":{"start":{"line":1,"column":11541},"end":{"line":1,"column":11559}},"304":{"start":{"line":1,"column":11575},"end":{"line":1,"column":11610}},"305":{"start":{"line":1,"column":11611},"end":{"line":1,"column":11628}},"306":{"start":{"line":1,"column":11646},"end":{"line":1,"column":11668}},"307":{"start":{"line":1,"column":11669},"end":{"line":1,"column":11682}},"308":{"start":{"line":1,"column":11700},"end":{"line":1,"column":11727}},"309":{"start":{"line":1,"column":11728},"end":{"line":1,"column":11742}},"310":{"start":{"line":1,"column":11757},"end":{"line":1,"column":11771}},"311":{"start":{"line":1,"column":11772},"end":{"line":1,"column":11787}},"312":{"start":{"line":1,"column":11802},"end":{"line":1,"column":11824}},"313":{"start":{"line":1,"column":11825},"end":{"line":1,"column":11840}},"314":{"start":{"line":1,"column":11857},"end":{"line":1,"column":11964}},"315":{"start":{"line":1,"column":11965},"end":{"line":1,"column":11986}},"316":{"start":{"line":1,"column":12003},"end":{"line":1,"column":12085}},"317":{"start":{"line":1,"column":12073},"end":{"line":1,"column":12085}},"318":{"start":{"line":1,"column":12091},"end":{"line":1,"column":12154}},"319":{"start":{"line":1,"column":12155},"end":{"line":1,"column":12176}},"320":{"start":{"line":1,"column":12164},"end":{"line":1,"column":12176}},"321":{"start":{"line":1,"column":12182},"end":{"line":1,"column":12249}},"322":{"start":{"line":1,"column":12252},"end":{"line":1,"column":12319}},"323":{"start":{"line":1,"column":12320},"end":{"line":1,"column":12352}},"324":{"start":{"line":1,"column":12353},"end":{"line":1,"column":12375}},"325":{"start":{"line":1,"column":12398},"end":{"line":1,"column":12405}},"326":{"start":{"line":1,"column":12406},"end":{"line":1,"column":12472}},"327":{"start":{"line":1,"column":12473},"end":{"line":1,"column":12494}},"328":{"start":{"line":1,"column":12511},"end":{"line":1,"column":12546}},"329":{"start":{"line":1,"column":12537},"end":{"line":1,"column":12546}},"330":{"start":{"line":1,"column":12552},"end":{"line":1,"column":12562}},"331":{"start":{"line":1,"column":12563},"end":{"line":1,"column":12675}},"332":{"start":{"line":1,"column":12676},"end":{"line":1,"column":12697}},"333":{"start":{"line":1,"column":12714},"end":{"line":1,"column":12788}},"334":{"start":{"line":1,"column":12789},"end":{"line":1,"column":12811}},"335":{"start":{"line":1,"column":12834},"end":{"line":1,"column":12845}},"336":{"start":{"line":1,"column":12848},"end":{"line":1,"column":12862}},"337":{"start":{"line":1,"column":12863},"end":{"line":1,"column":12911}},"338":{"start":{"line":1,"column":12902},"end":{"line":1,"column":12911}},"339":{"start":{"line":1,"column":12917},"end":{"line":1,"column":12934}},"340":{"start":{"line":1,"column":12935},"end":{"line":1,"column":12952}},"341":{"start":{"line":1,"column":12953},"end":{"line":1,"column":12975}},"342":{"start":{"line":1,"column":12998},"end":{"line":1,"column":13012}},"343":{"start":{"line":1,"column":13015},"end":{"line":1,"column":13023}},"344":{"start":{"line":1,"column":13026},"end":{"line":1,"column":13044}},"345":{"start":{"line":1,"column":13047},"end":{"line":1,"column":13057}},"346":{"start":{"line":1,"column":13060},"end":{"line":1,"column":13086}},"347":{"start":{"line":1,"column":13089},"end":{"line":1,"column":13098}},"348":{"start":{"line":1,"column":13099},"end":{"line":1,"column":13134}},"349":{"start":{"line":1,"column":13125},"end":{"line":1,"column":13134}},"350":{"start":{"line":1,"column":13134},"end":{"line":1,"column":13277}},"351":{"start":{"line":1,"column":13149},"end":{"line":1,"column":13157}},"352":{"start":{"line":1,"column":13158},"end":{"line":1,"column":13180}},"353":{"start":{"line":1,"column":13172},"end":{"line":1,"column":13180}},"354":{"start":{"line":1,"column":13192},"end":{"line":1,"column":13215}},"355":{"start":{"line":1,"column":13218},"end":{"line":1,"column":13241}},"356":{"start":{"line":1,"column":13242},"end":{"line":1,"column":13276}},"357":{"start":{"line":1,"column":13268},"end":{"line":1,"column":13276}},"358":{"start":{"line":1,"column":13277},"end":{"line":1,"column":13294}},"359":{"start":{"line":1,"column":13295},"end":{"line":1,"column":13318}},"360":{"start":{"line":1,"column":13335},"end":{"line":1,"column":13377}},"361":{"start":{"line":1,"column":13378},"end":{"line":1,"column":13402}},"362":{"start":{"line":1,"column":13425},"end":{"line":1,"column":13446}},"363":{"start":{"line":1,"column":13447},"end":{"line":1,"column":13501}},"364":{"start":{"line":1,"column":13467},"end":{"line":1,"column":13497}},"365":{"start":{"line":1,"column":13488},"end":{"line":1,"column":13497}},"366":{"start":{"line":1,"column":13497},"end":{"line":1,"column":13500}},"367":{"start":{"line":1,"column":13501},"end":{"line":1,"column":13540}},"368":{"start":{"line":1,"column":13541},"end":{"line":1,"column":13567}},"369":{"start":{"line":1,"column":13590},"end":{"line":1,"column":13592}},"370":{"start":{"line":1,"column":13595},"end":{"line":1,"column":13600}},"371":{"start":{"line":1,"column":13601},"end":{"line":1,"column":13731}},"372":{"start":{"line":1,"column":13611},"end":{"line":1,"column":13612}},"373":{"start":{"line":1,"column":13615},"end":{"line":1,"column":13625}},"374":{"start":{"line":1,"column":13643},"end":{"line":1,"column":13731}},"375":{"start":{"line":1,"column":13731},"end":{"line":1,"column":13739}},"376":{"start":{"line":1,"column":13740},"end":{"line":1,"column":13765}},"377":{"start":{"line":1,"column":13776},"end":{"line":1,"column":14069}},"378":{"start":{"line":1,"column":13802},"end":{"line":1,"column":13815}},"379":{"start":{"line":1,"column":13815},"end":{"line":1,"column":13828}},"380":{"start":{"line":1,"column":13828},"end":{"line":1,"column":13863}},"381":{"start":{"line":1,"column":13877},"end":{"line":1,"column":13931}},"382":{"start":{"line":1,"column":13939},"end":{"line":1,"column":13976}},"383":{"start":{"line":1,"column":13984},"end":{"line":1,"column":14012}},"384":{"start":{"line":1,"column":14021},"end":{"line":1,"column":14051}},"385":{"start":{"line":1,"column":14078},"end":{"line":1,"column":14860}},"386":{"start":{"line":1,"column":14106},"end":{"line":1,"column":14120}},"387":{"start":{"line":1,"column":14120},"end":{"line":1,"column":14136}},"388":{"start":{"line":1,"column":14136},"end":{"line":1,"column":14153}},"389":{"start":{"line":1,"column":14153},"end":{"line":1,"column":14198}},"390":{"start":{"line":1,"column":14222},"end":{"line":1,"column":14262}},"391":{"start":{"line":1,"column":14272},"end":{"line":1,"column":14334}},"392":{"start":{"line":1,"column":14344},"end":{"line":1,"column":14452}},"393":{"start":{"line":1,"column":14466},"end":{"line":1,"column":14516}},"394":{"start":{"line":1,"column":14501},"end":{"line":1,"column":14514}},"395":{"start":{"line":1,"column":14524},"end":{"line":1,"column":14543}},"396":{"start":{"line":1,"column":14551},"end":{"line":1,"column":14580}},"397":{"start":{"line":1,"column":14589},"end":{"line":1,"column":14643}},"398":{"start":{"line":1,"column":14659},"end":{"line":1,"column":14697}},"399":{"start":{"line":1,"column":14720},"end":{"line":1,"column":14728}},"400":{"start":{"line":1,"column":14731},"end":{"line":1,"column":14767}},"401":{"start":{"line":1,"column":14770},"end":{"line":1,"column":14797}},"402":{"start":{"line":1,"column":14800},"end":{"line":1,"column":14827}},"403":{"start":{"line":1,"column":14828},"end":{"line":1,"column":14842}},"404":{"start":{"line":1,"column":14869},"end":{"line":1,"column":15247}},"405":{"start":{"line":1,"column":14895},"end":{"line":1,"column":14912}},"406":{"start":{"line":1,"column":14912},"end":{"line":1,"column":14929}},"407":{"start":{"line":1,"column":14929},"end":{"line":1,"column":14964}},"408":{"start":{"line":1,"column":14978},"end":{"line":1,"column":15041}},"409":{"start":{"line":1,"column":15049},"end":{"line":1,"column":15134}},"410":{"start":{"line":1,"column":15142},"end":{"line":1,"column":15180}},"411":{"start":{"line":1,"column":15189},"end":{"line":1,"column":15227}},"412":{"start":{"line":1,"column":15256},"end":{"line":1,"column":15731}},"413":{"start":{"line":1,"column":15284},"end":{"line":1,"column":15301}},"414":{"start":{"line":1,"column":15301},"end":{"line":1,"column":15319}},"415":{"start":{"line":1,"column":15319},"end":{"line":1,"column":15337}},"416":{"start":{"line":1,"column":15337},"end":{"line":1,"column":15388}},"417":{"start":{"line":1,"column":15402},"end":{"line":1,"column":15480}},"418":{"start":{"line":1,"column":15488},"end":{"line":1,"column":15601}},"419":{"start":{"line":1,"column":15609},"end":{"line":1,"column":15649}},"420":{"start":{"line":1,"column":15658},"end":{"line":1,"column":15710}},"421":{"start":{"line":1,"column":15740},"end":{"line":1,"column":16323}},"422":{"start":{"line":1,"column":15764},"end":{"line":1,"column":15778}},"423":{"start":{"line":1,"column":15778},"end":{"line":1,"column":15852}},"424":{"start":{"line":1,"column":15792},"end":{"line":1,"column":15852}},"425":{"start":{"line":1,"column":15852},"end":{"line":1,"column":15862}},"426":{"start":{"line":1,"column":15876},"end":{"line":1,"column":15921}},"427":{"start":{"line":1,"column":15906},"end":{"line":1,"column":15919}},"428":{"start":{"line":1,"column":15935},"end":{"line":1,"column":15954}},"429":{"start":{"line":1,"column":15957},"end":{"line":1,"column":15977}},"430":{"start":{"line":1,"column":15978},"end":{"line":1,"column":16088}},"431":{"start":{"line":1,"column":16000},"end":{"line":1,"column":16088}},"432":{"start":{"line":1,"column":16088},"end":{"line":1,"column":16113}},"433":{"start":{"line":1,"column":16127},"end":{"line":1,"column":16128}},"434":{"start":{"line":1,"column":16131},"end":{"line":1,"column":16146}},"435":{"start":{"line":1,"column":16147},"end":{"line":1,"column":16234}},"436":{"start":{"line":1,"column":16157},"end":{"line":1,"column":16158}},"437":{"start":{"line":1,"column":16174},"end":{"line":1,"column":16185}},"438":{"start":{"line":1,"column":16188},"end":{"line":1,"column":16205}},"439":{"start":{"line":1,"column":16206},"end":{"line":1,"column":16233}},"440":{"start":{"line":1,"column":16234},"end":{"line":1,"column":16252}},"441":{"start":{"line":1,"column":16261},"end":{"line":1,"column":16302}},"442":{"start":{"line":1,"column":16291},"end":{"line":1,"column":16300}},"443":{"start":{"line":1,"column":16348},"end":{"line":1,"column":16364}},"444":{"start":{"line":1,"column":16367},"end":{"line":1,"column":16371}},"445":{"start":{"line":1,"column":16372},"end":{"line":1,"column":16873}},"446":{"start":{"line":1,"column":16390},"end":{"line":1,"column":16873}},"447":{"start":{"line":1,"column":16400},"end":{"line":1,"column":16401}},"448":{"start":{"line":1,"column":16428},"end":{"line":1,"column":16436}},"449":{"start":{"line":1,"column":16439},"end":{"line":1,"column":16487}},"450":{"start":{"line":1,"column":16490},"end":{"line":1,"column":16506}},"451":{"start":{"line":1,"column":16509},"end":{"line":1,"column":16526}},"452":{"start":{"line":1,"column":16527},"end":{"line":1,"column":16613}},"453":{"start":{"line":1,"column":16537},"end":{"line":1,"column":16538}},"454":{"start":{"line":1,"column":16565},"end":{"line":1,"column":16580}},"455":{"start":{"line":1,"column":16581},"end":{"line":1,"column":16612}},"456":{"start":{"line":1,"column":16619},"end":{"line":1,"column":16635}},"457":{"start":{"line":1,"column":16638},"end":{"line":1,"column":16655}},"458":{"start":{"line":1,"column":16656},"end":{"line":1,"column":16742}},"459":{"start":{"line":1,"column":16666},"end":{"line":1,"column":16667}},"460":{"start":{"line":1,"column":16694},"end":{"line":1,"column":16709}},"461":{"start":{"line":1,"column":16710},"end":{"line":1,"column":16741}},"462":{"start":{"line":1,"column":16748},"end":{"line":1,"column":16775}},"463":{"start":{"line":1,"column":16776},"end":{"line":1,"column":16795}},"464":{"start":{"line":1,"column":16783},"end":{"line":1,"column":16795}},"465":{"start":{"line":1,"column":16795},"end":{"line":1,"column":16872}},"466":{"start":{"line":1,"column":16819},"end":{"line":1,"column":16822}},"467":{"start":{"line":1,"column":16825},"end":{"line":1,"column":16828}},"468":{"start":{"line":1,"column":16829},"end":{"line":1,"column":16871}},"469":{"start":{"line":1,"column":16873},"end":{"line":1,"column":16881}},"470":{"start":{"line":1,"column":16882},"end":{"line":1,"column":16894}},"471":{"start":{"line":1,"column":16905},"end":{"line":1,"column":17124}},"472":{"start":{"line":1,"column":16944},"end":{"line":1,"column":16956}},"473":{"start":{"line":1,"column":16956},"end":{"line":1,"column":16973}},"474":{"start":{"line":1,"column":16973},"end":{"line":1,"column":16986}},"475":{"start":{"line":1,"column":17001},"end":{"line":1,"column":17012}},"476":{"start":{"line":1,"column":17013},"end":{"line":1,"column":17049}},"477":{"start":{"line":1,"column":17065},"end":{"line":1,"column":17077}},"478":{"start":{"line":1,"column":17078},"end":{"line":1,"column":17102}},"479":{"start":{"line":1,"column":17088},"end":{"line":1,"column":17102}},"480":{"start":{"line":1,"column":17133},"end":{"line":1,"column":17403}},"481":{"start":{"line":1,"column":17157},"end":{"line":1,"column":17177}},"482":{"start":{"line":1,"column":17177},"end":{"line":1,"column":17194}},"483":{"start":{"line":1,"column":17194},"end":{"line":1,"column":17207}},"484":{"start":{"line":1,"column":17229},"end":{"line":1,"column":17265}},"485":{"start":{"line":1,"column":17240},"end":{"line":1,"column":17264}},"486":{"start":{"line":1,"column":17253},"end":{"line":1,"column":17263}},"487":{"start":{"line":1,"column":17266},"end":{"line":1,"column":17374}},"488":{"start":{"line":1,"column":17315},"end":{"line":1,"column":17326}},"489":{"start":{"line":1,"column":17334},"end":{"line":1,"column":17358}},"490":{"start":{"line":1,"column":17347},"end":{"line":1,"column":17357}},"491":{"start":{"line":1,"column":17412},"end":{"line":1,"column":17792}},"492":{"start":{"line":1,"column":17435},"end":{"line":1,"column":17460}},"493":{"start":{"line":1,"column":17474},"end":{"line":1,"column":17522}},"494":{"start":{"line":1,"column":17503},"end":{"line":1,"column":17520}},"495":{"start":{"line":1,"column":17525},"end":{"line":1,"column":17534}},"496":{"start":{"line":1,"column":17535},"end":{"line":1,"column":17543}},"497":{"start":{"line":1,"column":17561},"end":{"line":1,"column":17599}},"498":{"start":{"line":1,"column":17579},"end":{"line":1,"column":17597}},"499":{"start":{"line":1,"column":17600},"end":{"line":1,"column":17608}},"500":{"start":{"line":1,"column":17616},"end":{"line":1,"column":17654}},"501":{"start":{"line":1,"column":17638},"end":{"line":1,"column":17653}},"502":{"start":{"line":1,"column":17669},"end":{"line":1,"column":17702}},"503":{"start":{"line":1,"column":17694},"end":{"line":1,"column":17701}},"504":{"start":{"line":1,"column":17718},"end":{"line":1,"column":17743}},"505":{"start":{"line":1,"column":17752},"end":{"line":1,"column":17773}},"506":{"start":{"line":1,"column":17801},"end":{"line":1,"column":18293}},"507":{"start":{"line":1,"column":17824},"end":{"line":1,"column":17845}},"508":{"start":{"line":1,"column":17854},"end":{"line":1,"column":17928}},"509":{"start":{"line":1,"column":17947},"end":{"line":1,"column":17986}},"510":{"start":{"line":1,"column":17966},"end":{"line":1,"column":17984}},"511":{"start":{"line":1,"column":17987},"end":{"line":1,"column":17995}},"512":{"start":{"line":1,"column":18004},"end":{"line":1,"column":18059}},"513":{"start":{"line":1,"column":18027},"end":{"line":1,"column":18057}},"514":{"start":{"line":1,"column":18049},"end":{"line":1,"column":18056}},"515":{"start":{"line":1,"column":18076},"end":{"line":1,"column":18124}},"516":{"start":{"line":1,"column":18135},"end":{"line":1,"column":18158}},"517":{"start":{"line":1,"column":18167},"end":{"line":1,"column":18183}},"518":{"start":{"line":1,"column":18206},"end":{"line":1,"column":18267}},"519":{"start":{"line":1,"column":18312},"end":{"line":1,"column":18330}},"520":{"start":{"line":1,"column":18321},"end":{"line":1,"column":18330}},"521":{"start":{"line":1,"column":18336},"end":{"line":1,"column":18344}},"522":{"start":{"line":1,"column":18347},"end":{"line":1,"column":18355}},"523":{"start":{"line":1,"column":18356},"end":{"line":1,"column":18374}},"524":{"start":{"line":1,"column":18365},"end":{"line":1,"column":18374}},"525":{"start":{"line":1,"column":18374},"end":{"line":1,"column":18607}},"526":{"start":{"line":1,"column":18425},"end":{"line":1,"column":18473}},"527":{"start":{"line":1,"column":18464},"end":{"line":1,"column":18473}},"528":{"start":{"line":1,"column":18479},"end":{"line":1,"column":18493}},"529":{"start":{"line":1,"column":18496},"end":{"line":1,"column":18510}},"530":{"start":{"line":1,"column":18511},"end":{"line":1,"column":18543}},"531":{"start":{"line":1,"column":18534},"end":{"line":1,"column":18543}},"532":{"start":{"line":1,"column":18543},"end":{"line":1,"column":18598}},"533":{"start":{"line":1,"column":18565},"end":{"line":1,"column":18569}},"534":{"start":{"line":1,"column":18572},"end":{"line":1,"column":18576}},"535":{"start":{"line":1,"column":18577},"end":{"line":1,"column":18597}},"536":{"start":{"line":1,"column":18589},"end":{"line":1,"column":18597}},"537":{"start":{"line":1,"column":18598},"end":{"line":1,"column":18606}},"538":{"start":{"line":1,"column":18607},"end":{"line":1,"column":18615}},"539":{"start":{"line":1,"column":18616},"end":{"line":1,"column":18631}},"540":{"start":{"line":1,"column":18652},"end":{"line":1,"column":18666}},"541":{"start":{"line":1,"column":18669},"end":{"line":1,"column":18677}},"542":{"start":{"line":1,"column":18680},"end":{"line":1,"column":18697}},"543":{"start":{"line":1,"column":18698},"end":{"line":1,"column":18739}},"544":{"start":{"line":1,"column":18708},"end":{"line":1,"column":18709}},"545":{"start":{"line":1,"column":18718},"end":{"line":1,"column":18739}},"546":{"start":{"line":1,"column":18739},"end":{"line":1,"column":18754}},"547":{"start":{"line":1,"column":18755},"end":{"line":1,"column":18783}},"548":{"start":{"line":1,"column":18798},"end":{"line":1,"column":18824}},"549":{"start":{"line":1,"column":18825},"end":{"line":1,"column":18854}},"550":{"start":{"line":1,"column":18877},"end":{"line":1,"column":18904}},"551":{"start":{"line":1,"column":18905},"end":{"line":1,"column":18936}},"552":{"start":{"line":1,"column":18937},"end":{"line":1,"column":18954}},"553":{"start":{"line":1,"column":18971},"end":{"line":1,"column":19011}},"554":{"start":{"line":1,"column":19012},"end":{"line":1,"column":19033}},"555":{"start":{"line":1,"column":19050},"end":{"line":1,"column":19073}},"556":{"start":{"line":1,"column":19074},"end":{"line":1,"column":19095}},"557":{"start":{"line":1,"column":19118},"end":{"line":1,"column":19140}},"558":{"start":{"line":1,"column":19141},"end":{"line":1,"column":19171}},"559":{"start":{"line":1,"column":19172},"end":{"line":1,"column":19193}},"560":{"start":{"line":1,"column":19200},"end":{"line":1,"column":19253}},"561":{"start":{"line":1,"column":19205},"end":{"line":1,"column":19240}},"562":{"start":{"line":1,"column":19257},"end":{"line":1,"column":19311}},"563":{"start":{"line":1,"column":19262},"end":{"line":1,"column":19296}},"564":{"start":{"line":1,"column":19329},"end":{"line":1,"column":19421}},"565":{"start":{"line":1,"column":19350},"end":{"line":1,"column":19358}},"566":{"start":{"line":1,"column":19359},"end":{"line":1,"column":19390}},"567":{"start":{"line":1,"column":19375},"end":{"line":1,"column":19390}},"568":{"start":{"line":1,"column":19390},"end":{"line":1,"column":19420}},"569":{"start":{"line":1,"column":19406},"end":{"line":1,"column":19420}},"570":{"start":{"line":1,"column":19422},"end":{"line":1,"column":19440}},"571":{"start":{"line":1,"column":19447},"end":{"line":1,"column":19478}},"572":{"start":{"line":1,"column":19459},"end":{"line":1,"column":19460}},"573":{"start":{"line":1,"column":19461},"end":{"line":1,"column":19474}},"574":{"start":{"line":1,"column":19471},"end":{"line":1,"column":19474}},"575":{"start":{"line":1,"column":19482},"end":{"line":1,"column":19544}},"576":{"start":{"line":1,"column":19487},"end":{"line":1,"column":19525}},"577":{"start":{"line":1,"column":19552},"end":{"line":1,"column":20441}},"578":{"start":{"line":1,"column":19582},"end":{"line":1,"column":19585}},"579":{"start":{"line":1,"column":19587},"end":{"line":1,"column":19604}},"580":{"start":{"line":1,"column":19604},"end":{"line":1,"column":19625}},"581":{"start":{"line":1,"column":19625},"end":{"line":1,"column":19657}},"582":{"start":{"line":1,"column":19668},"end":{"line":1,"column":19721}},"583":{"start":{"line":1,"column":19731},"end":{"line":1,"column":19769}},"584":{"start":{"line":1,"column":19757},"end":{"line":1,"column":19769}},"585":{"start":{"line":1,"column":19775},"end":{"line":1,"column":19789}},"586":{"start":{"line":1,"column":19792},"end":{"line":1,"column":19809}},"587":{"start":{"line":1,"column":19810},"end":{"line":1,"column":19878}},"588":{"start":{"line":1,"column":19887},"end":{"line":1,"column":19927}},"589":{"start":{"line":1,"column":19938},"end":{"line":1,"column":20083}},"590":{"start":{"line":1,"column":19955},"end":{"line":1,"column":19974}},"591":{"start":{"line":1,"column":19975},"end":{"line":1,"column":20064}},"592":{"start":{"line":1,"column":20058},"end":{"line":1,"column":20064}},"593":{"start":{"line":1,"column":20064},"end":{"line":1,"column":20082}},"594":{"start":{"line":1,"column":20096},"end":{"line":1,"column":20304}},"595":{"start":{"line":1,"column":20144},"end":{"line":1,"column":20149}},"596":{"start":{"line":1,"column":20150},"end":{"line":1,"column":20285}},"597":{"start":{"line":1,"column":20279},"end":{"line":1,"column":20285}},"598":{"start":{"line":1,"column":20285},"end":{"line":1,"column":20303}},"599":{"start":{"line":1,"column":20315},"end":{"line":1,"column":20378}},"600":{"start":{"line":1,"column":20392},"end":{"line":1,"column":20417}},"601":{"start":{"line":1,"column":20446},"end":{"line":1,"column":20526}},"602":{"start":{"line":1,"column":20542},"end":{"line":1,"column":20622}},"603":{"start":{"line":1,"column":20564},"end":{"line":1,"column":20622}},"604":{"start":{"line":1,"column":20628},"end":{"line":1,"column":20630}},"605":{"start":{"line":1,"column":20633},"end":{"line":1,"column":20634}},"606":{"start":{"line":1,"column":20637},"end":{"line":1,"column":20638}},"607":{"start":{"line":1,"column":20639},"end":{"line":1,"column":20782}},"608":{"start":{"line":1,"column":20657},"end":{"line":1,"column":20746}},"609":{"start":{"line":1,"column":20733},"end":{"line":1,"column":20737}},"610":{"start":{"line":1,"column":20737},"end":{"line":1,"column":20745}},"611":{"start":{"line":1,"column":20746},"end":{"line":1,"column":20781}},"612":{"start":{"line":1,"column":20782},"end":{"line":1,"column":20790}},"613":{"start":{"line":1,"column":20791},"end":{"line":1,"column":20805}},"614":{"start":{"line":1,"column":20828},"end":{"line":1,"column":20832}},"615":{"start":{"line":1,"column":20833},"end":{"line":1,"column":20868}},"616":{"start":{"line":1,"column":20859},"end":{"line":1,"column":20868}},"617":{"start":{"line":1,"column":20874},"end":{"line":1,"column":20882}},"618":{"start":{"line":1,"column":20885},"end":{"line":1,"column":20905}},"619":{"start":{"line":1,"column":20906},"end":{"line":1,"column":21001}},"620":{"start":{"line":1,"column":21002},"end":{"line":1,"column":21020}},"621":{"start":{"line":1,"column":21035},"end":{"line":1,"column":21079}},"622":{"start":{"line":1,"column":21080},"end":{"line":1,"column":21111}},"623":{"start":{"line":1,"column":21126},"end":{"line":1,"column":21156}},"624":{"start":{"line":1,"column":21157},"end":{"line":1,"column":21185}},"625":{"start":{"line":1,"column":21200},"end":{"line":1,"column":21230}},"626":{"start":{"line":1,"column":21231},"end":{"line":1,"column":21257}},"627":{"start":{"line":1,"column":21272},"end":{"line":1,"column":21302}},"628":{"start":{"line":1,"column":21303},"end":{"line":1,"column":21333}},"629":{"start":{"line":1,"column":21348},"end":{"line":1,"column":21406}},"630":{"start":{"line":1,"column":21407},"end":{"line":1,"column":21435}},"631":{"start":{"line":1,"column":21450},"end":{"line":1,"column":21506}},"632":{"start":{"line":1,"column":21507},"end":{"line":1,"column":21533}},"633":{"start":{"line":1,"column":21554},"end":{"line":1,"column":21570}},"634":{"start":{"line":1,"column":21571},"end":{"line":1,"column":21637}},"635":{"start":{"line":1,"column":21638},"end":{"line":1,"column":21681}},"636":{"start":{"line":1,"column":21696},"end":{"line":1,"column":21751}},"637":{"start":{"line":1,"column":21752},"end":{"line":1,"column":21771}},"638":{"start":{"line":1,"column":21786},"end":{"line":1,"column":21835}},"639":{"start":{"line":1,"column":21836},"end":{"line":1,"column":21862}},"640":{"start":{"line":1,"column":21883},"end":{"line":1,"column":21904}},"641":{"start":{"line":1,"column":21907},"end":{"line":1,"column":21928}},"642":{"start":{"line":1,"column":21929},"end":{"line":1,"column":21950}},"643":{"start":{"line":1,"column":21951},"end":{"line":1,"column":21986}},"644":{"start":{"line":1,"column":22005},"end":{"line":1,"column":22022}},"645":{"start":{"line":1,"column":22023},"end":{"line":1,"column":22048}},"646":{"start":{"line":1,"column":22055},"end":{"line":1,"column":23379}},"647":{"start":{"line":1,"column":23387},"end":{"line":1,"column":23825}},"648":{"start":{"line":1,"column":23410},"end":{"line":1,"column":23440}},"649":{"start":{"line":1,"column":23440},"end":{"line":1,"column":23476}},"650":{"start":{"line":1,"column":23476},"end":{"line":1,"column":23507}},"651":{"start":{"line":1,"column":23507},"end":{"line":1,"column":23533}},"652":{"start":{"line":1,"column":23543},"end":{"line":1,"column":23612}},"653":{"start":{"line":1,"column":23622},"end":{"line":1,"column":23684}},"654":{"start":{"line":1,"column":23700},"end":{"line":1,"column":23725}},"655":{"start":{"line":1,"column":23737},"end":{"line":1,"column":23800}},"656":{"start":{"line":1,"column":23834},"end":{"line":1,"column":23940}},"657":{"start":{"line":1,"column":23857},"end":{"line":1,"column":23886}},"658":{"start":{"line":1,"column":23886},"end":{"line":1,"column":23914}},"659":{"start":{"line":1,"column":23949},"end":{"line":1,"column":24196}},"660":{"start":{"line":1,"column":23972},"end":{"line":1,"column":23989}},"661":{"start":{"line":1,"column":23989},"end":{"line":1,"column":24007}},"662":{"start":{"line":1,"column":24007},"end":{"line":1,"column":24022}},"663":{"start":{"line":1,"column":24031},"end":{"line":1,"column":24172}},"664":{"start":{"line":1,"column":24137},"end":{"line":1,"column":24140}},"665":{"start":{"line":1,"column":24201},"end":{"line":1,"column":36982}},"666":{"start":{"line":1,"column":24207},"end":{"line":1,"column":24263}},"667":{"start":{"line":1,"column":24220},"end":{"line":1,"column":24263}},"668":{"start":{"line":1,"column":24269},"end":{"line":1,"column":24631}},"669":{"start":{"line":1,"column":24645},"end":{"line":1,"column":24668}},"670":{"start":{"line":1,"column":24669},"end":{"line":1,"column":24679}},"671":{"start":{"line":1,"column":24692},"end":{"line":1,"column":24705}},"672":{"start":{"line":1,"column":24706},"end":{"line":1,"column":24718}},"673":{"start":{"line":1,"column":24731},"end":{"line":1,"column":24754}},"674":{"start":{"line":1,"column":24755},"end":{"line":1,"column":24766}},"675":{"start":{"line":1,"column":24779},"end":{"line":1,"column":24797}},"676":{"start":{"line":1,"column":24798},"end":{"line":1,"column":24815}},"677":{"start":{"line":1,"column":24828},"end":{"line":1,"column":24855}},"678":{"start":{"line":1,"column":24856},"end":{"line":1,"column":24874}},"679":{"start":{"line":1,"column":24888},"end":{"line":1,"column":24911}},"680":{"start":{"line":1,"column":24912},"end":{"line":1,"column":24929}},"681":{"start":{"line":1,"column":24942},"end":{"line":1,"column":24970}},"682":{"start":{"line":1,"column":24971},"end":{"line":1,"column":24988}},"683":{"start":{"line":1,"column":25002},"end":{"line":1,"column":25142}},"684":{"start":{"line":1,"column":25007},"end":{"line":1,"column":25111}},"685":{"start":{"line":1,"column":25017},"end":{"line":1,"column":25046}},"686":{"start":{"line":1,"column":25047},"end":{"line":1,"column":25084}},"687":{"start":{"line":1,"column":25067},"end":{"line":1,"column":25083}},"688":{"start":{"line":1,"column":25094},"end":{"line":1,"column":25110}},"689":{"start":{"line":1,"column":25116},"end":{"line":1,"column":25142}},"690":{"start":{"line":1,"column":25143},"end":{"line":1,"column":25166}},"691":{"start":{"line":1,"column":25179},"end":{"line":1,"column":25214}},"692":{"start":{"line":1,"column":25215},"end":{"line":1,"column":25237}},"693":{"start":{"line":1,"column":25251},"end":{"line":1,"column":25347}},"694":{"start":{"line":1,"column":25348},"end":{"line":1,"column":25371}},"695":{"start":{"line":1,"column":25384},"end":{"line":1,"column":25496}},"696":{"start":{"line":1,"column":25497},"end":{"line":1,"column":25519}},"697":{"start":{"line":1,"column":25532},"end":{"line":1,"column":25599}},"698":{"start":{"line":1,"column":25600},"end":{"line":1,"column":25628}},"699":{"start":{"line":1,"column":25645},"end":{"line":1,"column":25662}},"700":{"start":{"line":1,"column":25663},"end":{"line":1,"column":25684}},"701":{"start":{"line":1,"column":25698},"end":{"line":1,"column":25709}},"702":{"start":{"line":1,"column":25710},"end":{"line":1,"column":25731}},"703":{"start":{"line":1,"column":25745},"end":{"line":1,"column":25758}},"704":{"start":{"line":1,"column":25758},"end":{"line":1,"column":25812}},"705":{"start":{"line":1,"column":25774},"end":{"line":1,"column":25812}},"706":{"start":{"line":1,"column":25812},"end":{"line":1,"column":25866}},"707":{"start":{"line":1,"column":25828},"end":{"line":1,"column":25866}},"708":{"start":{"line":1,"column":25866},"end":{"line":1,"column":25918}},"709":{"start":{"line":1,"column":25882},"end":{"line":1,"column":25918}},"710":{"start":{"line":1,"column":25918},"end":{"line":1,"column":25933}},"711":{"start":{"line":1,"column":25934},"end":{"line":1,"column":25947}},"712":{"start":{"line":1,"column":25961},"end":{"line":1,"column":26009}},"713":{"start":{"line":1,"column":26015},"end":{"line":1,"column":26016}},"714":{"start":{"line":1,"column":26019},"end":{"line":1,"column":26353}},"715":{"start":{"line":1,"column":26025},"end":{"line":1,"column":26045}},"716":{"start":{"line":1,"column":26038},"end":{"line":1,"column":26045}},"717":{"start":{"line":1,"column":26045},"end":{"line":1,"column":26127}},"718":{"start":{"line":1,"column":26086},"end":{"line":1,"column":26120}},"719":{"start":{"line":1,"column":26120},"end":{"line":1,"column":26126}},"720":{"start":{"line":1,"column":26133},"end":{"line":1,"column":26138}},"721":{"start":{"line":1,"column":26142},"end":{"line":1,"column":26154}},"722":{"start":{"line":1,"column":26158},"end":{"line":1,"column":26179}},"723":{"start":{"line":1,"column":26180},"end":{"line":1,"column":26343}},"724":{"start":{"line":1,"column":26354},"end":{"line":1,"column":26358}},"725":{"start":{"line":1,"column":26359},"end":{"line":1,"column":26370}},"726":{"start":{"line":1,"column":26384},"end":{"line":1,"column":26441}},"727":{"start":{"line":1,"column":26442},"end":{"line":1,"column":26464}},"728":{"start":{"line":1,"column":26477},"end":{"line":1,"column":26502}},"729":{"start":{"line":1,"column":26503},"end":{"line":1,"column":26519}},"730":{"start":{"line":1,"column":26533},"end":{"line":1,"column":26563}},"731":{"start":{"line":1,"column":26564},"end":{"line":1,"column":26586}},"732":{"start":{"line":1,"column":26607},"end":{"line":1,"column":26641}},"733":{"start":{"line":1,"column":26642},"end":{"line":1,"column":26664}},"734":{"start":{"line":1,"column":26686},"end":{"line":1,"column":26717}},"735":{"start":{"line":1,"column":26718},"end":{"line":1,"column":26738}},"736":{"start":{"line":1,"column":26760},"end":{"line":1,"column":26795}},"737":{"start":{"line":1,"column":26796},"end":{"line":1,"column":26820}},"738":{"start":{"line":1,"column":26834},"end":{"line":1,"column":26855}},"739":{"start":{"line":1,"column":26856},"end":{"line":1,"column":26877}},"740":{"start":{"line":1,"column":26892},"end":{"line":1,"column":26961}},"741":{"start":{"line":1,"column":26962},"end":{"line":1,"column":26983}},"742":{"start":{"line":1,"column":26998},"end":{"line":1,"column":27079}},"743":{"start":{"line":1,"column":27080},"end":{"line":1,"column":27107}},"744":{"start":{"line":1,"column":27122},"end":{"line":1,"column":27185}},"745":{"start":{"line":1,"column":27186},"end":{"line":1,"column":27204}},"746":{"start":{"line":1,"column":27219},"end":{"line":1,"column":27290}},"747":{"start":{"line":1,"column":27291},"end":{"line":1,"column":27313}},"748":{"start":{"line":1,"column":27328},"end":{"line":1,"column":27441}},"749":{"start":{"line":1,"column":27442},"end":{"line":1,"column":27473}},"750":{"start":{"line":1,"column":27488},"end":{"line":1,"column":27595}},"751":{"start":{"line":1,"column":27596},"end":{"line":1,"column":27624}},"752":{"start":{"line":1,"column":27639},"end":{"line":1,"column":27754}},"753":{"start":{"line":1,"column":27755},"end":{"line":1,"column":27787}},"754":{"start":{"line":1,"column":27802},"end":{"line":1,"column":27832}},"755":{"start":{"line":1,"column":27833},"end":{"line":1,"column":27850}},"756":{"start":{"line":1,"column":27857},"end":{"line":1,"column":27933}},"757":{"start":{"line":1,"column":27863},"end":{"line":1,"column":27887}},"758":{"start":{"line":1,"column":27895},"end":{"line":1,"column":27932}},"759":{"start":{"line":1,"column":27920},"end":{"line":1,"column":27931}},"760":{"start":{"line":1,"column":27937},"end":{"line":1,"column":28015}},"761":{"start":{"line":1,"column":27943},"end":{"line":1,"column":27968}},"762":{"start":{"line":1,"column":27976},"end":{"line":1,"column":28014}},"763":{"start":{"line":1,"column":28002},"end":{"line":1,"column":28013}},"764":{"start":{"line":1,"column":28019},"end":{"line":1,"column":28109}},"765":{"start":{"line":1,"column":28025},"end":{"line":1,"column":28056}},"766":{"start":{"line":1,"column":28064},"end":{"line":1,"column":28108}},"767":{"start":{"line":1,"column":28096},"end":{"line":1,"column":28107}},"768":{"start":{"line":1,"column":28113},"end":{"line":1,"column":28195}},"769":{"start":{"line":1,"column":28119},"end":{"line":1,"column":28146}},"770":{"start":{"line":1,"column":28154},"end":{"line":1,"column":28194}},"771":{"start":{"line":1,"column":28182},"end":{"line":1,"column":28193}},"772":{"start":{"line":1,"column":28199},"end":{"line":1,"column":28285}},"773":{"start":{"line":1,"column":28205},"end":{"line":1,"column":28237}},"774":{"start":{"line":1,"column":28232},"end":{"line":1,"column":28236}},"775":{"start":{"line":1,"column":28245},"end":{"line":1,"column":28284}},"776":{"start":{"line":1,"column":28272},"end":{"line":1,"column":28283}},"777":{"start":{"line":1,"column":28289},"end":{"line":1,"column":28377}},"778":{"start":{"line":1,"column":28295},"end":{"line":1,"column":28328}},"779":{"start":{"line":1,"column":28323},"end":{"line":1,"column":28327}},"780":{"start":{"line":1,"column":28336},"end":{"line":1,"column":28376}},"781":{"start":{"line":1,"column":28364},"end":{"line":1,"column":28375}},"782":{"start":{"line":1,"column":28381},"end":{"line":1,"column":28473}},"783":{"start":{"line":1,"column":28387},"end":{"line":1,"column":28422}},"784":{"start":{"line":1,"column":28417},"end":{"line":1,"column":28421}},"785":{"start":{"line":1,"column":28430},"end":{"line":1,"column":28472}},"786":{"start":{"line":1,"column":28460},"end":{"line":1,"column":28471}},"787":{"start":{"line":1,"column":28489},"end":{"line":1,"column":28536}},"788":{"start":{"line":1,"column":28524},"end":{"line":1,"column":28535}},"789":{"start":{"line":1,"column":28537},"end":{"line":1,"column":28557}},"790":{"start":{"line":1,"column":28572},"end":{"line":1,"column":28605}},"791":{"start":{"line":1,"column":28606},"end":{"line":1,"column":28626}},"792":{"start":{"line":1,"column":28641},"end":{"line":1,"column":28675}},"793":{"start":{"line":1,"column":28676},"end":{"line":1,"column":28697}},"794":{"start":{"line":1,"column":28712},"end":{"line":1,"column":28745}},"795":{"start":{"line":1,"column":28746},"end":{"line":1,"column":28766}},"796":{"start":{"line":1,"column":28781},"end":{"line":1,"column":28813}},"797":{"start":{"line":1,"column":28814},"end":{"line":1,"column":28833}},"798":{"start":{"line":1,"column":28848},"end":{"line":1,"column":28878}},"799":{"start":{"line":1,"column":28879},"end":{"line":1,"column":28896}},"800":{"start":{"line":1,"column":28911},"end":{"line":1,"column":28939}},"801":{"start":{"line":1,"column":28940},"end":{"line":1,"column":28955}},"802":{"start":{"line":1,"column":28970},"end":{"line":1,"column":28998}},"803":{"start":{"line":1,"column":28999},"end":{"line":1,"column":29014}},"804":{"start":{"line":1,"column":29031},"end":{"line":1,"column":29097}},"805":{"start":{"line":1,"column":29055},"end":{"line":1,"column":29097}},"806":{"start":{"line":1,"column":29097},"end":{"line":1,"column":29195}},"807":{"start":{"line":1,"column":29141},"end":{"line":1,"column":29195}},"808":{"start":{"line":1,"column":29183},"end":{"line":1,"column":29194}},"809":{"start":{"line":1,"column":29196},"end":{"line":1,"column":29224}},"810":{"start":{"line":1,"column":29241},"end":{"line":1,"column":29308}},"811":{"start":{"line":1,"column":29265},"end":{"line":1,"column":29308}},"812":{"start":{"line":1,"column":29308},"end":{"line":1,"column":29407}},"813":{"start":{"line":1,"column":29352},"end":{"line":1,"column":29407}},"814":{"start":{"line":1,"column":29395},"end":{"line":1,"column":29406}},"815":{"start":{"line":1,"column":29408},"end":{"line":1,"column":29437}},"816":{"start":{"line":1,"column":29454},"end":{"line":1,"column":29523}},"817":{"start":{"line":1,"column":29478},"end":{"line":1,"column":29523}},"818":{"start":{"line":1,"column":29523},"end":{"line":1,"column":29624}},"819":{"start":{"line":1,"column":29567},"end":{"line":1,"column":29624}},"820":{"start":{"line":1,"column":29612},"end":{"line":1,"column":29623}},"821":{"start":{"line":1,"column":29625},"end":{"line":1,"column":29656}},"822":{"start":{"line":1,"column":29673},"end":{"line":1,"column":29726}},"823":{"start":{"line":1,"column":29714},"end":{"line":1,"column":29725}},"824":{"start":{"line":1,"column":29727},"end":{"line":1,"column":29750}},"825":{"start":{"line":1,"column":29765},"end":{"line":1,"column":29796}},"826":{"start":{"line":1,"column":29797},"end":{"line":1,"column":29822}},"827":{"start":{"line":1,"column":29837},"end":{"line":1,"column":29871}},"828":{"start":{"line":1,"column":29872},"end":{"line":1,"column":29900}},"829":{"start":{"line":1,"column":29915},"end":{"line":1,"column":29970}},"830":{"start":{"line":1,"column":29971},"end":{"line":1,"column":29995}},"831":{"start":{"line":1,"column":30009},"end":{"line":1,"column":30034}},"832":{"start":{"line":1,"column":30035},"end":{"line":1,"column":30056}},"833":{"start":{"line":1,"column":30070},"end":{"line":1,"column":30091}},"834":{"start":{"line":1,"column":30092},"end":{"line":1,"column":30112}},"835":{"start":{"line":1,"column":30126},"end":{"line":1,"column":30276}},"836":{"start":{"line":1,"column":30179},"end":{"line":1,"column":30208}},"837":{"start":{"line":1,"column":30239},"end":{"line":1,"column":30270}},"838":{"start":{"line":1,"column":30277},"end":{"line":1,"column":30298}},"839":{"start":{"line":1,"column":30312},"end":{"line":1,"column":30642}},"840":{"start":{"line":1,"column":30444},"end":{"line":1,"column":30491}},"841":{"start":{"line":1,"column":30558},"end":{"line":1,"column":30640}},"842":{"start":{"line":1,"column":30610},"end":{"line":1,"column":30638}},"843":{"start":{"line":1,"column":30643},"end":{"line":1,"column":30662}},"844":{"start":{"line":1,"column":30683},"end":{"line":1,"column":30960}},"845":{"start":{"line":1,"column":30711},"end":{"line":1,"column":30766}},"846":{"start":{"line":1,"column":30777},"end":{"line":1,"column":30829}},"847":{"start":{"line":1,"column":30844},"end":{"line":1,"column":30900}},"848":{"start":{"line":1,"column":30913},"end":{"line":1,"column":30959}},"849":{"start":{"line":1,"column":30961},"end":{"line":1,"column":31097}},"850":{"start":{"line":1,"column":31098},"end":{"line":1,"column":31122}},"851":{"start":{"line":1,"column":31136},"end":{"line":1,"column":31218}},"852":{"start":{"line":1,"column":31168},"end":{"line":1,"column":31185}},"853":{"start":{"line":1,"column":31219},"end":{"line":1,"column":31240}},"854":{"start":{"line":1,"column":31254},"end":{"line":1,"column":31331}},"855":{"start":{"line":1,"column":31291},"end":{"line":1,"column":31331}},"856":{"start":{"line":1,"column":31331},"end":{"line":1,"column":32128}},"857":{"start":{"line":1,"column":31362},"end":{"line":1,"column":31394}},"858":{"start":{"line":1,"column":31397},"end":{"line":1,"column":31441}},"859":{"start":{"line":1,"column":31444},"end":{"line":1,"column":31472}},"860":{"start":{"line":1,"column":31473},"end":{"line":1,"column":31946}},"861":{"start":{"line":1,"column":31483},"end":{"line":1,"column":31484}},"862":{"start":{"line":1,"column":31508},"end":{"line":1,"column":31946}},"863":{"start":{"line":1,"column":31946},"end":{"line":1,"column":32127}},"864":{"start":{"line":1,"column":31976},"end":{"line":1,"column":31987}},"865":{"start":{"line":1,"column":31991},"end":{"line":1,"column":32023}},"866":{"start":{"line":1,"column":32024},"end":{"line":1,"column":32126}},"867":{"start":{"line":1,"column":32129},"end":{"line":1,"column":32152}},"868":{"start":{"line":1,"column":32159},"end":{"line":1,"column":32161}},"869":{"start":{"line":1,"column":32165},"end":{"line":1,"column":32167}},"870":{"start":{"line":1,"column":32171},"end":{"line":1,"column":32173}},"871":{"start":{"line":1,"column":32177},"end":{"line":1,"column":32219}},"872":{"start":{"line":1,"column":32220},"end":{"line":1,"column":32719}},"873":{"start":{"line":1,"column":32243},"end":{"line":1,"column":32269}},"874":{"start":{"line":1,"column":32272},"end":{"line":1,"column":32302}},"875":{"start":{"line":1,"column":32303},"end":{"line":1,"column":32608}},"876":{"start":{"line":1,"column":32318},"end":{"line":1,"column":32335}},"877":{"start":{"line":1,"column":32338},"end":{"line":1,"column":32356}},"878":{"start":{"line":1,"column":32360},"end":{"line":1,"column":32377}},"879":{"start":{"line":1,"column":32381},"end":{"line":1,"column":32399}},"880":{"start":{"line":1,"column":32403},"end":{"line":1,"column":32408}},"881":{"start":{"line":1,"column":32412},"end":{"line":1,"column":32415}},"882":{"start":{"line":1,"column":32416},"end":{"line":1,"column":32607}},"883":{"start":{"line":1,"column":32433},"end":{"line":1,"column":32437}},"884":{"start":{"line":1,"column":32441},"end":{"line":1,"column":32452}},"885":{"start":{"line":1,"column":32453},"end":{"line":1,"column":32513}},"886":{"start":{"line":1,"column":32526},"end":{"line":1,"column":32530}},"887":{"start":{"line":1,"column":32534},"end":{"line":1,"column":32545}},"888":{"start":{"line":1,"column":32546},"end":{"line":1,"column":32606}},"889":{"start":{"line":1,"column":32608},"end":{"line":1,"column":32717}},"890":{"start":{"line":1,"column":32637},"end":{"line":1,"column":32715}},"891":{"start":{"line":1,"column":32726},"end":{"line":1,"column":32768}},"892":{"start":{"line":1,"column":32769},"end":{"line":1,"column":33027}},"893":{"start":{"line":1,"column":32786},"end":{"line":1,"column":32895}},"894":{"start":{"line":1,"column":32821},"end":{"line":1,"column":32833}},"895":{"start":{"line":1,"column":32834},"end":{"line":1,"column":32893}},"896":{"start":{"line":1,"column":32912},"end":{"line":1,"column":33025}},"897":{"start":{"line":1,"column":32947},"end":{"line":1,"column":32959}},"898":{"start":{"line":1,"column":32960},"end":{"line":1,"column":33023}},"899":{"start":{"line":1,"column":33034},"end":{"line":1,"column":33101}},"900":{"start":{"line":1,"column":33105},"end":{"line":1,"column":33184}},"901":{"start":{"line":1,"column":33185},"end":{"line":1,"column":35658}},"902":{"start":{"line":1,"column":33200},"end":{"line":1,"column":33609}},"903":{"start":{"line":1,"column":33269},"end":{"line":1,"column":33299}},"904":{"start":{"line":1,"column":33300},"end":{"line":1,"column":33607}},"905":{"start":{"line":1,"column":33624},"end":{"line":1,"column":33746}},"906":{"start":{"line":1,"column":33659},"end":{"line":1,"column":33689}},"907":{"start":{"line":1,"column":33690},"end":{"line":1,"column":33744}},"908":{"start":{"line":1,"column":33766},"end":{"line":1,"column":34102}},"909":{"start":{"line":1,"column":33820},"end":{"line":1,"column":33841}},"910":{"start":{"line":1,"column":33844},"end":{"line":1,"column":33876}},"911":{"start":{"line":1,"column":33877},"end":{"line":1,"column":34100}},"912":{"start":{"line":1,"column":34031},"end":{"line":1,"column":34098}},"913":{"start":{"line":1,"column":34121},"end":{"line":1,"column":34421}},"914":{"start":{"line":1,"column":34175},"end":{"line":1,"column":34196}},"915":{"start":{"line":1,"column":34199},"end":{"line":1,"column":34231}},"916":{"start":{"line":1,"column":34232},"end":{"line":1,"column":34419}},"917":{"start":{"line":1,"column":34351},"end":{"line":1,"column":34417}},"918":{"start":{"line":1,"column":34439},"end":{"line":1,"column":34758}},"919":{"start":{"line":1,"column":34474},"end":{"line":1,"column":34495}},"920":{"start":{"line":1,"column":34498},"end":{"line":1,"column":34530}},"921":{"start":{"line":1,"column":34531},"end":{"line":1,"column":34756}},"922":{"start":{"line":1,"column":34689},"end":{"line":1,"column":34754}},"923":{"start":{"line":1,"column":34779},"end":{"line":1,"column":35098}},"924":{"start":{"line":1,"column":34814},"end":{"line":1,"column":34835}},"925":{"start":{"line":1,"column":34838},"end":{"line":1,"column":34870}},"926":{"start":{"line":1,"column":34871},"end":{"line":1,"column":35096}},"927":{"start":{"line":1,"column":35029},"end":{"line":1,"column":35094}},"928":{"start":{"line":1,"column":35113},"end":{"line":1,"column":35214}},"929":{"start":{"line":1,"column":35161},"end":{"line":1,"column":35212}},"930":{"start":{"line":1,"column":35234},"end":{"line":1,"column":35252}},"931":{"start":{"line":1,"column":35278},"end":{"line":1,"column":35380}},"932":{"start":{"line":1,"column":35412},"end":{"line":1,"column":35425}},"933":{"start":{"line":1,"column":35426},"end":{"line":1,"column":35493}},"934":{"start":{"line":1,"column":35455},"end":{"line":1,"column":35491}},"935":{"start":{"line":1,"column":35528},"end":{"line":1,"column":35572}},"936":{"start":{"line":1,"column":35543},"end":{"line":1,"column":35568}},"937":{"start":{"line":1,"column":35573},"end":{"line":1,"column":35656}},"938":{"start":{"line":1,"column":35615},"end":{"line":1,"column":35654}},"939":{"start":{"line":1,"column":35658},"end":{"line":1,"column":35709}},"940":{"start":{"line":1,"column":35674},"end":{"line":1,"column":35709}},"941":{"start":{"line":1,"column":35709},"end":{"line":1,"column":35760}},"942":{"start":{"line":1,"column":35725},"end":{"line":1,"column":35760}},"943":{"start":{"line":1,"column":35760},"end":{"line":1,"column":35809}},"944":{"start":{"line":1,"column":35776},"end":{"line":1,"column":35809}},"945":{"start":{"line":1,"column":35816},"end":{"line":1,"column":36089}},"946":{"start":{"line":1,"column":35839},"end":{"line":1,"column":36087}},"947":{"start":{"line":1,"column":35854},"end":{"line":1,"column":36087}},"948":{"start":{"line":1,"column":35878},"end":{"line":1,"column":35961}},"949":{"start":{"line":1,"column":35954},"end":{"line":1,"column":35961}},"950":{"start":{"line":1,"column":35961},"end":{"line":1,"column":36086}},"951":{"start":{"line":1,"column":36058},"end":{"line":1,"column":36084}},"952":{"start":{"line":1,"column":36090},"end":{"line":1,"column":36970}},"953":{"start":{"line":1,"column":36990},"end":{"line":1,"column":38030}},"954":{"start":{"line":1,"column":37023},"end":{"line":1,"column":37037}},"955":{"start":{"line":1,"column":37037},"end":{"line":1,"column":37056}},"956":{"start":{"line":1,"column":37056},"end":{"line":1,"column":37072}},"957":{"start":{"line":1,"column":37072},"end":{"line":1,"column":37088}},"958":{"start":{"line":1,"column":37088},"end":{"line":1,"column":37105}},"959":{"start":{"line":1,"column":37105},"end":{"line":1,"column":37116}},"960":{"start":{"line":1,"column":37122},"end":{"line":1,"column":37126}},"961":{"start":{"line":1,"column":37127},"end":{"line":1,"column":37215}},"962":{"start":{"line":1,"column":37175},"end":{"line":1,"column":37186}},"963":{"start":{"line":1,"column":37221},"end":{"line":1,"column":37295}},"964":{"start":{"line":1,"column":37298},"end":{"line":1,"column":37369}},"965":{"start":{"line":1,"column":37370},"end":{"line":1,"column":37675}},"966":{"start":{"line":1,"column":37709},"end":{"line":1,"column":37737}},"967":{"start":{"line":1,"column":37738},"end":{"line":1,"column":37766}},"968":{"start":{"line":1,"column":37791},"end":{"line":1,"column":37802}},"969":{"start":{"line":1,"column":37803},"end":{"line":1,"column":37889}},"970":{"start":{"line":1,"column":37897},"end":{"line":1,"column":37931}},"971":{"start":{"line":1,"column":37941},"end":{"line":1,"column":37964}},"972":{"start":{"line":1,"column":37972},"end":{"line":1,"column":38009}},"973":{"start":{"line":1,"column":38039},"end":{"line":1,"column":39642}},"974":{"start":{"line":1,"column":38072},"end":{"line":1,"column":38086}},"975":{"start":{"line":1,"column":38086},"end":{"line":1,"column":38100}},"976":{"start":{"line":1,"column":38100},"end":{"line":1,"column":38124}},"977":{"start":{"line":1,"column":38124},"end":{"line":1,"column":38149}},"978":{"start":{"line":1,"column":38149},"end":{"line":1,"column":38160}},"979":{"start":{"line":1,"column":38166},"end":{"line":1,"column":38170}},"980":{"start":{"line":1,"column":38171},"end":{"line":1,"column":38583}},"981":{"start":{"line":1,"column":38187},"end":{"line":1,"column":38198}},"982":{"start":{"line":1,"column":38596},"end":{"line":1,"column":38617}},"983":{"start":{"line":1,"column":38631},"end":{"line":1,"column":38653}},"984":{"start":{"line":1,"column":38674},"end":{"line":1,"column":38685}},"985":{"start":{"line":1,"column":38688},"end":{"line":1,"column":38735}},"986":{"start":{"line":1,"column":38736},"end":{"line":1,"column":38828}},"987":{"start":{"line":1,"column":38834},"end":{"line":1,"column":38846}},"988":{"start":{"line":1,"column":38849},"end":{"line":1,"column":38866}},"989":{"start":{"line":1,"column":38867},"end":{"line":1,"column":38994}},"990":{"start":{"line":1,"column":38877},"end":{"line":1,"column":38878}},"991":{"start":{"line":1,"column":38910},"end":{"line":1,"column":38913}},"992":{"start":{"line":1,"column":38916},"end":{"line":1,"column":38935}},"993":{"start":{"line":1,"column":38936},"end":{"line":1,"column":38993}},"994":{"start":{"line":1,"column":38994},"end":{"line":1,"column":39040}},"995":{"start":{"line":1,"column":39059},"end":{"line":1,"column":39091}},"996":{"start":{"line":1,"column":39094},"end":{"line":1,"column":39112}},"997":{"start":{"line":1,"column":39113},"end":{"line":1,"column":39212}},"998":{"start":{"line":1,"column":39221},"end":{"line":1,"column":39250}},"999":{"start":{"line":1,"column":39258},"end":{"line":1,"column":39409}},"1000":{"start":{"line":1,"column":39419},"end":{"line":1,"column":39494}},"1001":{"start":{"line":1,"column":39508},"end":{"line":1,"column":39519}},"1002":{"start":{"line":1,"column":39520},"end":{"line":1,"column":39617}},"1003":{"start":{"line":1,"column":39651},"end":{"line":1,"column":40697}},"1004":{"start":{"line":1,"column":39681},"end":{"line":1,"column":39695}},"1005":{"start":{"line":1,"column":39695},"end":{"line":1,"column":39715}},"1006":{"start":{"line":1,"column":39715},"end":{"line":1,"column":39755}},"1007":{"start":{"line":1,"column":39742},"end":{"line":1,"column":39753}},"1008":{"start":{"line":1,"column":39761},"end":{"line":1,"column":39765}},"1009":{"start":{"line":1,"column":39768},"end":{"line":1,"column":39799}},"1010":{"start":{"line":1,"column":39802},"end":{"line":1,"column":39835}},"1011":{"start":{"line":1,"column":39836},"end":{"line":1,"column":39914}},"1012":{"start":{"line":1,"column":39920},"end":{"line":1,"column":39937}},"1013":{"start":{"line":1,"column":39938},"end":{"line":1,"column":40242}},"1014":{"start":{"line":1,"column":40015},"end":{"line":1,"column":40042}},"1015":{"start":{"line":1,"column":40108},"end":{"line":1,"column":40129}},"1016":{"start":{"line":1,"column":40130},"end":{"line":1,"column":40171}},"1017":{"start":{"line":1,"column":40135},"end":{"line":1,"column":40171}},"1018":{"start":{"line":1,"column":40177},"end":{"line":1,"column":40198}},"1019":{"start":{"line":1,"column":40199},"end":{"line":1,"column":40241}},"1020":{"start":{"line":1,"column":40204},"end":{"line":1,"column":40241}},"1021":{"start":{"line":1,"column":40242},"end":{"line":1,"column":40277}},"1022":{"start":{"line":1,"column":40285},"end":{"line":1,"column":40321}},"1023":{"start":{"line":1,"column":40331},"end":{"line":1,"column":40352}},"1024":{"start":{"line":1,"column":40367},"end":{"line":1,"column":40378}},"1025":{"start":{"line":1,"column":40379},"end":{"line":1,"column":40628}},"1026":{"start":{"line":1,"column":40401},"end":{"line":1,"column":40405}},"1027":{"start":{"line":1,"column":40408},"end":{"line":1,"column":40446}},"1028":{"start":{"line":1,"column":40447},"end":{"line":1,"column":40627}},"1029":{"start":{"line":1,"column":40636},"end":{"line":1,"column":40677}},"1030":{"start":{"line":1,"column":40706},"end":{"line":1,"column":42651}},"1031":{"start":{"line":1,"column":40736},"end":{"line":1,"column":40750}},"1032":{"start":{"line":1,"column":40750},"end":{"line":1,"column":40767}},"1033":{"start":{"line":1,"column":40767},"end":{"line":1,"column":40784}},"1034":{"start":{"line":1,"column":40784},"end":{"line":1,"column":40804}},"1035":{"start":{"line":1,"column":40804},"end":{"line":1,"column":40824}},"1036":{"start":{"line":1,"column":40824},"end":{"line":1,"column":40841}},"1037":{"start":{"line":1,"column":40841},"end":{"line":1,"column":40863}},"1038":{"start":{"line":1,"column":40863},"end":{"line":1,"column":40884}},"1039":{"start":{"line":1,"column":40884},"end":{"line":1,"column":40907}},"1040":{"start":{"line":1,"column":40907},"end":{"line":1,"column":40928}},"1041":{"start":{"line":1,"column":40928},"end":{"line":1,"column":40956}},"1042":{"start":{"line":1,"column":40956},"end":{"line":1,"column":40978}},"1043":{"start":{"line":1,"column":40978},"end":{"line":1,"column":41003}},"1044":{"start":{"line":1,"column":41003},"end":{"line":1,"column":41027}},"1045":{"start":{"line":1,"column":41033},"end":{"line":1,"column":41037}},"1046":{"start":{"line":1,"column":41038},"end":{"line":1,"column":41421}},"1047":{"start":{"line":1,"column":41097},"end":{"line":1,"column":41105}},"1048":{"start":{"line":1,"column":41448},"end":{"line":1,"column":41650}},"1049":{"start":{"line":1,"column":41656},"end":{"line":1,"column":41686}},"1050":{"start":{"line":1,"column":41687},"end":{"line":1,"column":41722}},"1051":{"start":{"line":1,"column":41702},"end":{"line":1,"column":41722}},"1052":{"start":{"line":1,"column":41722},"end":{"line":1,"column":41759}},"1053":{"start":{"line":1,"column":41737},"end":{"line":1,"column":41759}},"1054":{"start":{"line":1,"column":41759},"end":{"line":1,"column":41827}},"1055":{"start":{"line":1,"column":41844},"end":{"line":1,"column":41938}},"1056":{"start":{"line":1,"column":41931},"end":{"line":1,"column":41938}},"1057":{"start":{"line":1,"column":41944},"end":{"line":1,"column":41955}},"1058":{"start":{"line":1,"column":41956},"end":{"line":1,"column":42543}},"1059":{"start":{"line":1,"column":42557},"end":{"line":1,"column":42568}},"1060":{"start":{"line":1,"column":42569},"end":{"line":1,"column":42624}},"1061":{"start":{"line":1,"column":42674},"end":{"line":1,"column":42676}},"1062":{"start":{"line":1,"column":42679},"end":{"line":1,"column":42708}},"1063":{"start":{"line":1,"column":42685},"end":{"line":1,"column":42699}},"1064":{"start":{"line":1,"column":42711},"end":{"line":1,"column":42746}},"1065":{"start":{"line":1,"column":42718},"end":{"line":1,"column":42738}},"1066":{"start":{"line":1,"column":42749},"end":{"line":1,"column":42775}},"1067":{"start":{"line":1,"column":42755},"end":{"line":1,"column":42768}},"1068":{"start":{"line":1,"column":42776},"end":{"line":1,"column":42789}},"1069":{"start":{"line":1,"column":42790},"end":{"line":1,"column":42807}},"1070":{"start":{"line":1,"column":42833},"end":{"line":1,"column":42835}},"1071":{"start":{"line":1,"column":42850},"end":{"line":1,"column":42859}},"1072":{"start":{"line":1,"column":42860},"end":{"line":1,"column":42877}},"1073":{"start":{"line":1,"column":42890},"end":{"line":1,"column":42958}},"1074":{"start":{"line":1,"column":42903},"end":{"line":1,"column":42906}},"1075":{"start":{"line":1,"column":42959},"end":{"line":1,"column":42974}},"1076":{"start":{"line":1,"column":42980},"end":{"line":1,"column":42984}},"1077":{"start":{"line":1,"column":42999},"end":{"line":1,"column":43017}},"1078":{"start":{"line":1,"column":43010},"end":{"line":1,"column":43017}},"1079":{"start":{"line":1,"column":43017},"end":{"line":1,"column":43021}},"1080":{"start":{"line":1,"column":43028},"end":{"line":1,"column":43059}},"1081":{"start":{"line":1,"column":43046},"end":{"line":1,"column":43056}},"1082":{"start":{"line":1,"column":43060},"end":{"line":1,"column":43181}},"1083":{"start":{"line":1,"column":43082},"end":{"line":1,"column":43177}},"1084":{"start":{"line":1,"column":43182},"end":{"line":1,"column":43205}},"1085":{"start":{"line":1,"column":43214},"end":{"line":1,"column":43250}},"1086":{"start":{"line":1,"column
[...]
ne":217,"column":5}},"loc":{"start":{"line":217,"column":12},"end":{"line":228,"column":5}},"line":217},"22":{"name":"(anonymous_22)","decl":{"start":{"line":230,"column":4},"end":{"line":230,"column":5}},"loc":{"start":{"line":230,"column":11},"end":{"line":234,"column":5}},"line":230}},"branchMap":{"0":{"loc":{"start":{"line":20,"column":10},"end":{"line":20,"column":19}},"type":"default-arg","locations":[{"start":{"line":20,"column":17},"end":{"line":20,"column":19}}],"line":20},"1":{"loc":{"start":{"line":41,"column":8},"end":{"line":41,"column":34}},"type":"if","locations":[{"start":{"line":41,"column":8},"end":{"line":41,"column":34}},{"start":{},"end":{}}],"line":41},"2":{"loc":{"start":{"line":68,"column":4},"end":{"line":68,"column":64}},"type":"if","locations":[{"start":{"line":68,"column":4},"end":{"line":68,"column":64}},{"start":{},"end":{}}],"line":68},"3":{"loc":{"start":{"line":69,"column":4},"end":{"line":69,"column":61}},"type":"if","locations":[{"start":{"line":69,"column":4},"end":{"line":69,"column":61}},{"start":{},"end":{}}],"line":69},"4":{"loc":{"start":{"line":74,"column":4},"end":{"line":74,"column":42}},"type":"if","locations":[{"start":{"line":74,"column":4},"end":{"line":74,"column":42}},{"start":{},"end":{}}],"line":74},"5":{"loc":{"start":{"line":82,"column":4},"end":{"line":92,"column":5}},"type":"if","locations":[{"start":{"line":82,"column":4},"end":{"line":92,"column":5}},{"start":{},"end":{}}],"line":82},"6":{"loc":{"start":{"line":102,"column":16},"end":{"line":107,"column":17}},"type":"if","locations":[{"start":{"line":102,"column":16},"end":{"line":107,"column":17}},{"start":{},"end":{}}],"line":102},"7":{"loc":{"start":{"line":102,"column":20},"end":{"line":102,"column":75}},"type":"binary-expr","locations":[{"start":{"line":102,"column":20},"end":{"line":102,"column":31}},{"start":{"line":102,"column":35},"end":{"line":102,"column":75}}],"line":102},"8":{"loc":{"start":{"line":114,"column":12},"end":{"line":128,"column":13}},"type":"if","locations":[{"start":{"line":114,"column":12},"end":{"line":128,"column":13}},{"start":{},"end":{}}],"line":114},"9":{"loc":{"start":{"line":117,"column":16},"end":{"line":127,"column":17}},"type":"if","locations":[{"start":{"line":117,"column":16},"end":{"line":127,"column":17}},{"start":{},"end":{}}],"line":117},"10":{"loc":{"start":{"line":133,"column":15},"end":{"line":136,"column":50}},"type":"binary-expr","locations":[{"start":{"line":133,"column":15},"end":{"line":133,"column":49}},{"start":{"line":134,"column":15},"end":{"line":134,"column":49}},{"start":{"line":135,"column":15},"end":{"line":135,"column":50}},{"start":{"line":136,"column":15},"end":{"line":136,"column":50}}],"line":133},"11":{"loc":{"start":{"line":141,"column":8},"end":{"line":151,"column":9}},"type":"if","locations":[{"start":{"line":141,"column":8},"end":{"line":151,"column":9}},{"start":{},"end":{}}],"line":141},"12":{"loc":{"start":{"line":141,"column":12},"end":{"line":141,"column":48}},"type":"binary-expr","locations":[{"start":{"line":141,"column":12},"end":{"line":141,"column":30}},{"start":{"line":141,"column":34},"end":{"line":141,"column":48}}],"line":141},"13":{"loc":{"start":{"line":160,"column":8},"end":{"line":163,"column":9}},"type":"if","locations":[{"start":{"line":160,"column":8},"end":{"line":163,"column":9}},{"start":{},"end":{}}],"line":160},"14":{"loc":{"start":{"line":168,"column":12},"end":{"line":170,"column":13}},"type":"if","locations":[{"start":{"line":168,"column":12},"end":{"line":170,"column":13}},{"start":{},"end":{}}],"line":168},"15":{"loc":{"start":{"line":195,"column":8},"end":{"line":200,"column":9}},"type":"if","locations":[{"start":{"line":195,"column":8},"end":{"line":200,"column":9}},{"start":{},"end":{}}],"line":195},"16":{"loc":{"start":{"line":196,"column":33},"end":{"line":196,"column":65}},"type":"cond-expr","locations":[{"start":{"line":196,"column":44},"end":{"line":196,"column":53}},{"start":{"line":196,"column":56},"end":{"line":196,"column":65}}],"line":196},"17":{"loc":{"start":{"line":199,"column":30},"end":{"line":199,"column":67}},"type":"cond-expr","locations":[{"start":{"line":199,"column":41},"end":{"line":199,"column":53}},{"start":{"line":199,"column":56},"end":{"line":199,"column":67}}],"line":199},"18":{"loc":{"start":{"line":204,"column":8},"end":{"line":204,"column":34}},"type":"if","locations":[{"start":{"line":204,"column":8},"end":{"line":204,"column":34}},{"start":{},"end":{}}],"line":204},"19":{"loc":{"start":{"line":206,"column":8},"end":{"line":208,"column":9}},"type":"if","locations":[{"start":{"line":206,"column":8},"end":{"line":208,"column":9}},{"start":{},"end":{}}],"line":206},"20":{"loc":{"start":{"line":206,"column":12},"end":{"line":206,"column":42}},"type":"binary-expr","locations":[{"start":{"line":206,"column":12},"end":{"line":206,"column":29}},{"start":{"line":206,"column":33},"end":{"line":206,"column":42}}],"line":206},"21":{"loc":{"start":{"line":209,"column":8},"end":{"line":211,"column":9}},"type":"if","locations":[{"start":{"line":209,"column":8},"end":{"line":211,"column":9}},{"start":{},"end":{}}],"line":209},"22":{"loc":{"start":{"line":209,"column":12},"end":{"line":209,"column":43}},"type":"binary-expr","locations":[{"start":{"line":209,"column":12},"end":{"line":209,"column":30}},{"start":{"line":209,"column":34},"end":{"line":209,"column":43}}],"line":209},"23":{"loc":{"start":{"line":212,"column":8},"end":{"line":214,"column":9}},"type":"if","locations":[{"start":{"line":212,"column":8},"end":{"line":214,"column":9}},{"start":{},"end":{}}],"line":212},"24":{"loc":{"start":{"line":219,"column":8},"end":{"line":219,"column":69}},"type":"if","locations":[{"start":{"line":219,"column":8},"end":{"line":219,"column":69}},{"start":{},"end":{}}],"line":219}},"s":{"0":0,"1":0,"2":0,"3":0,"4":0,"5":0,"6":0,"7":0,"8":0,"9":0,"10":0,"11":0,"12":0,"13":0,"14":0,"15":0,"16":0,"17":0,"18":0,"19":0,"20":0,"21":0,"22":0,"23":0,"24":0,"25":0,"26":0,"27":0,"28":0,"29":0,"30":0,"31":0,"32":0,"33":0,"34":0,"35":0,"36":0,"37":0,"38":0,"39":0,"40":0,"41":0,"42":0,"43":0,"44":0,"45":0,"46":0,"47":0,"48":0,"49":0,"50":0,"51":0,"52":0,"53":0,"54":0,"55":0,"56":0,"57":0,"58":0,"59":0,"60":0,"61":0,"62":0,"63":0,"64":0,"65":0,"66":0,"67":0,"68":0,"69":0,"70":0,"71":0,"72":0,"73":0,"74":0,"75":0,"76":0,"77":0,"78":0,"79":0,"80":0,"81":0,"82":0,"83":0,"84":0,"85":0,"86":0,"87":0,"88":0,"89":0,"90":0,"91":0,"92":0,"93":0,"94":0,"95":0,"96":0,"97":0,"98":0,"99":0,"100":0,"101":0,"102":0,"103":0,"104":0,"105":0,"106":0,"107":0,"108":0,"109":0,"110":0,"111":0,"112":0,"113":0,"114":0,"115":0,"116":0,"117":0,"118":0,"119":0,"120":0,"121":0,"122":0},"f":{"0":0,"1":0,"2":0,"3":0,"4":0,"5":0,"6":0,"7":0,"8":0,"9":0,"10":0,"11":0,"12":0,"13":0,"14":0,"15":0,"16":0,"17":0,"18":0,"19":0,"20":0,"21":0,"22":0},"b":{"0":[0],"1":[0,0],"2":[0,0],"3":[0,0],"4":[0,0],"5":[0,0],"6":[0,0],"7":[0,0],"8":[0,0],"9":[0,0],"10":[0,0,0,0],"11":[0,0],"12":[0,0],"13":[0,0],"14":[0,0],"15":[0,0],"16":[0,0],"17":[0,0],"18":[0,0],"19":[0,0],"20":[0,0],"21":[0,0],"22":[0,0],"23":[0,0],"24":[0,0]},"inputSourceMap":null}
,"C:\\Users\\USER\\Desktop\\space-invaders- deepseek\\frontend\\src\\scenes\\leaderboardScene.js": {"path":"C:\\Users\\USER\\Desktop\\space-invaders- deepseek\\frontend\\src\\scenes\\leaderboardScene.js","statementMap":{"0":{"start":{"line":5,"column":8},"end":{"line":5,"column":25}},"1":{"start":{"line":6,"column":8},"end":{"line":6,"column":28}},"2":{"start":{"line":15,"column":8},"end":{"line":15,"column":39}},"3":{"start":{"line":16,"column":8},"end":{"line":16,"column":48}},"4":{"start":{"line":17,"column":8},"end":{"line":17,"column":38}},"5":{"start":{"line":18,"column":8},"end":{"line":18,"column":55}},"6":{"start":{"line":20,"column":8},"end":{"line":54,"column":9}},"7":{"start":{"line":21,"column":12},"end":{"line":21,"column":47}},"8":{"start":{"line":22,"column":12},"end":{"line":22,"column":71}},"9":{"start":{"line":23,"column":12},"end":{"line":23,"column":47}},"10":{"start":{"line":24,"column":12},"end":{"line":24,"column":81}},"11":{"start":{"line":26,"column":12},"end":{"line":26,"column":47}},"12":{"start":{"line":27,"column":12},"end":{"line":27,"column":40}},"13":{"start":{"line":30,"column":12},"end":{"line":30,"column":43}},"14":{"start":{"line":31,"column":12},"end":{"line":31,"column":45}},"15":{"start":{"line":32,"column":12},"end":{"line":32,"column":51}},"16":{"start":{"line":33,"column":12},"end":{"line":33,"column":51}},"17":{"start":{"line":36,"column":12},"end":{"line":36,"column":48}},"18":{"start":{"line":39,"column":12},"end":{"line":53,"column":15}},"19":{"start":{"line":40,"column":29},"end":{"line":40,"column":45}},"20":{"start":{"line":43,"column":16},"end":{"line":43,"column":47}},"21":{"start":{"line":44,"column":16},"end":{"line":44,"column":62}},"22":{"start":{"line":47,"column":16},"end":{"line":47,"column":47}},"23":{"start":{"line":48,"column":16},"end":{"line":48,"column":67}},"24":{"start":{"line":51,"column":16},"end":{"line":51,"column":47}},"25":{"start":{"line":52,"column":16},"end":{"line":52,"column":90}},"26":{"start":{"line":57,"column":8},"end":{"line":57,"column":38}},"27":{"start":{"line":58,"column":8},"end":{"line":58,"column":43}},"28":{"start":{"line":59,"column":8},"end":{"line":59,"column":39}},"29":{"start":{"line":60,"column":8},"end":{"line":60,"column":87}}},"fnMap":{"0":{"name":"(anonymous_0)","decl":{"start":{"line":4,"column":4},"end":{"line":4,"column":5}},"loc":{"start":{"line":4,"column":22},"end":{"line":7,"column":5}},"line":4},"1":{"name":"(anonymous_1)","decl":{"start":{"line":9,"column":4},"end":{"line":9,"column":5}},"loc":{"start":{"line":9,"column":21},"end":{"line":11,"column":5}},"line":9},"2":{"name":"(anonymous_2)","decl":{"start":{"line":13,"column":4},"end":{"line":13,"column":5}},"loc":{"start":{"line":13,"column":11},"end":{"line":61,"column":5}},"line":13},"3":{"name":"(anonymous_3)","decl":{"start":{"line":39,"column":59},"end":{"line":39,"column":60}},"loc":{"start":{"line":39,"column":81},"end":{"line":53,"column":13}},"line":39}},"branchMap":{"0":{"loc":{"start":{"line":9,"column":10},"end":{"line":9,"column":19}},"type":"default-arg","locations":[{"start":{"line":9,"column":17},"end":{"line":9,"column":19}}],"line":9},"1":{"loc":{"start":{"line":20,"column":8},"end":{"line":54,"column":9}},"type":"if","locations":[{"start":{"line":20,"column":8},"end":{"line":54,"column":9}},{"start":{"line":25,"column":15},"end":{"line":54,"column":9}}],"line":20}},"s":{"0":0,"1":0,"2":0,"3":0,"4":0,"5":0,"6":0,"7":0,"8":0,"9":0,"10":0,"11":0,"12":0,"13":0,"14":0,"15":0,"16":0,"17":0,"18":0,"19":0,"20":0,"21":0,"22":0,"23":0,"24":0,"25":0,"26":0,"27":0,"28":0,"29":0},"f":{"0":0,"1":0,"2":0,"3":0},"b":{"0":[0],"1":[0,0]},"inputSourceMap":null}
,"C:\\Users\\USER\\Desktop\\space-invaders- deepseek\\frontend\\src\\scenes\\sceneManager.js": {"path":"C:\\Users\\USER\\Desktop\\space-invaders- deepseek\\frontend\\src\\scenes\\sceneManager.js","statementMap":{"0":{"start":{"line":3,"column":8},"end":{"line":3,"column":32}},"1":{"start":{"line":4,"column":8},"end":{"line":4,"column":33}},"2":{"start":{"line":8,"column":8},"end":{"line":8,"column":37}},"3":{"start":{"line":12,"column":8},"end":{"line":16,"column":9}},"4":{"start":{"line":13,"column":12},"end":{"line":13,"column":37}},"5":{"start":{"line":14,"column":26},"end":{"line":14,"column":47}},"6":{"start":{"line":15,"column":12},"end":{"line":15,"column":30}},"7":{"start":{"line":20,"column":8},"end":{"line":20,"column":50}}},"fnMap":{"0":{"name":"(anonymous_0)","decl":{"start":{"line":2,"column":4},"end":{"line":2,"column":5}},"loc":{"start":{"line":2,"column":18},"end":{"line":5,"column":5}},"line":2},"1":{"name":"(anonymous_1)","decl":{"start":{"line":7,"column":4},"end":{"line":7,"column":5}},"loc":{"start":{"line":7,"column":31},"end":{"line":9,"column":5}},"line":7},"2":{"name":"(anonymous_2)","decl":{"start":{"line":11,"column":4},"end":{"line":11,"column":5}},"loc":{"start":{"line":11,"column":33},"end":{"line":17,"column":5}},"line":11},"3":{"name":"(anonymous_3)","decl":{"start":{"line":19,"column":4},"end":{"line":19,"column":5}},"loc":{"start":{"line":19,"column":22},"end":{"line":21,"column":5}},"line":19}},"branchMap":{"0":{"loc":{"start":{"line":11,"column":22},"end":{"line":11,"column":31}},"type":"default-arg","locations":[{"start":{"line":11,"column":29},"end":{"line":11,"column":31}}],"line":11},"1":{"loc":{"start":{"line":12,"column":8},"end":{"line":16,"column":9}},"type":"if","locations":[{"start":{"line":12,"column":8},"end":{"line":16,"column":9}},{"start":{},"end":{}}],"line":12}},"s":{"0":0,"1":0,"2":0,"3":0,"4":0,"5":0,"6":0,"7":0},"f":{"0":0,"1":0,"2":0,"3":0},"b":{"0":[0],"1":[0,0]},"inputSourceMap":null}
,"C:\\Users\\USER\\Desktop\\space-invaders- deepseek\\frontend\\src\\scenes\\startScene.js": {"path":"C:\\Users\\USER\\Desktop\\space-invaders- deepseek\\frontend\\src\\scenes\\startScene.js","statementMap":{"0":{"start":{"line":5,"column":8},"end":{"line":5,"column":25}},"1":{"start":{"line":6,"column":8},"end":{"line":6,"column":28}},"2":{"start":{"line":15,"column":8},"end":{"line":15,"column":39}},"3":{"start":{"line":16,"column":8},"end":{"line":16,"column":48}},"4":{"start":{"line":17,"column":8},"end":{"line":17,"column":38}},"5":{"start":{"line":18,"column":8},"end":{"line":18,"column":53}},"6":{"start":{"line":21,"column":8},"end":{"line":21,"column":44}},"7":{"start":{"line":24,"column":8},"end":{"line":24,"column":44}},"8":{"start":{"line":27,"column":8},"end":{"line":27,"column":39}},"9":{"start":{"line":28,"column":8},"end":{"line":30,"column":9}},"10":{"start":{"line":28,"column":21},"end":{"line":28,"column":22}},"11":{"start":{"line":29,"column":12},"end":{"line":29,"column":58}},"12":{"start":{"line":33,"column":8},"end":{"line":33,"column":39}},"13":{"start":{"line":34,"column":8},"end":{"line":34,"column":43}},"14":{"start":{"line":35,"column":8},"end":{"line":35,"column":69}},"15":{"start":{"line":36,"column":8},"end":{"line":36,"column":66}},"16":{"start":{"line":37,"column":8},"end":{"line":37,"column":43}},"17":{"start":{"line":38,"column":8},"end":{"line":38,"column":90}},"18":{"start":{"line":39,"column":8},"end":{"line":39,"column":81}}},"fnMap":{"0":{"name":"(anonymous_0)","decl":{"start":{"line":4,"column":4},"end":{"line":4,"column":5}},"loc":{"start":{"line":4,"column":22},"end":{"line":7,"column":5}},"line":4},"1":{"name":"(anonymous_1)","decl":{"start":{"line":9,"column":4},"end":{"line":9,"column":5}},"loc":{"start":{"line":9,"column":12},"end":{"line":11,"column":5}},"line":9},"2":{"name":"(anonymous_2)","decl":{"start":{"line":13,"column":4},"end":{"line":13,"column":5}},"loc":{"start":{"line":13,"column":11},"end":{"line":40,"column":5}},"line":13}},"branchMap":{},"s":{"0":0,"1":0,"2":0,"3":0,"4":0,"5":0,"6":0,"7":0,"8":0,"9":0,"10":0,"11":0,"12":0,"13":0,"14":0,"15":0,"16":0,"17":0,"18":0},"f":{"0":0,"1":0,"2":0},"b":{},"inputSourceMap":null}
,"C:\\Users\\USER\\Desktop\\space-invaders- deepseek\\frontend\\src\\utils\\apiClient.js": {"path":"C:\\Users\\USER\\Desktop\\space-invaders- deepseek\\frontend\\src\\utils\\apiClient.js","statementMap":{"0":{"start":{"line":1,"column":21},"end":{"line":1,"column":48}},"1":{"start":{"line":4,"column":4},"end":{"line":21,"column":5}},"2":{"start":{"line":5,"column":25},"end":{"line":11,"column":10}},"3":{"start":{"line":13,"column":8},"end":{"line":15,"column":9}},"4":{"start":{"line":14,"column":12},"end":{"line":14,"column":55}},"5":{"start":{"line":17,"column":8},"end":{"line":17,"column":37}},"6":{"start":{"line":19,"column":8},"end":{"line":19,"column":56}},"7":{"start":{"line":20,"column":8},"end":{"line":20,"column":20}},"8":{"start":{"line":25,"column":4},"end":{"line":42,"column":5}},"9":{"start":{"line":26,"column":25},"end":{"line":26,"column":77}},"10":{"start":{"line":28,"column":8},"end":{"line":30,"column":9}},"11":{"start":{"line":29,"column":12},"end":{"line":29,"column":60}},"12":{"start":{"line":32,"column":21},"end":{"line":32,"column":42}},"13":{"start":{"line":33,"column":8},"end":{"line":33,"column":52}},"14":{"start":{"line":34,"column":8},"end":{"line":34,"column":20}},"15":{"start":{"line":36,"column":8},"end":{"line":36,"column":60}},"16":{"start":{"line":37,"column":8},"end":{"line":41,"column":10}}},"fnMap":{"0":{"name":"submitScore","decl":{"start":{"line":3,"column":22},"end":{"line":3,"column":33}},"loc":{"start":{"line":3,"column":53},"end":{"line":22,"column":1}},"line":3},"1":{"name":"getLeaderboard","decl":{"start":{"line":24,"column":22},"end":{"line":24,"column":36}},"loc":{"start":{"line":24,"column":49},"end":{"line":43,"column":1}},"line":24}},"branchMap":{"0":{"loc":{"start":{"line":13,"column":8},"end":{"line":15,"column":9}},"type":"if","locations":[{"start":{"line":13,"column":8},"end":{"line":15,"column":9}},{"start":{},"end":{}}],"line":13},"1":{"loc":{"start":{"line":24,"column":37},"end":{"line":24,"column":47}},"type":"default-arg","locations":[{"start":{"line":24,"column":45},"end":{"line":24,"column":47}}],"line":24},"2":{"loc":{"start":{"line":28,"column":8},"end":{"line":30,"column":9}},"type":"if","locations":[{"start":{"line":28,"column":8},"end":{"line":30,"column":9}},{"start":{},"end":{}}],"line":28}},"s":{"0":0,"1":0,"2":0,"3":0,"4":0,"5":0,"6":0,"7":0,"8":0,"9":0,"10":0,"11":0,"12":0,"13":0,"14":0,"15":0,"16":0},"f":{"0":0,"1":0},"b":{"0":[0,0],"1":[0],"2":[0,0]},"inputSourceMap":null}
,"C:\\Users\\USER\\Desktop\\space-invaders- deepseek\\frontend\\src\\utils\\constants.js": {"path":"C:\\Users\\USER\\Desktop\\space-invaders- deepseek\\frontend\\src\\utils\\constants.js","statementMap":{"0":{"start":{"line":1,"column":26},"end":{"line":1,"column":29}},"1":{"start":{"line":2,"column":27},"end":{"line":2,"column":30}},"2":{"start":{"line":3,"column":28},"end":{"line":3,"column":29}},"3":{"start":{"line":4,"column":28},"end":{"line":4,"column":30}},"4":{"start":{"line":5,"column":34},"end":{"line":5,"column":35}},"5":{"start":{"line":6,"column":26},"end":{"line":6,"column":27}},"6":{"start":{"line":7,"column":26},"end":{"line":7,"column":27}},"7":{"start":{"line":8,"column":28},"end":{"line":8,"column":29}},"8":{"start":{"line":9,"column":35},"end":{"line":9,"column":39}},"9":{"start":{"line":10,"column":36},"end":{"line":10,"column":39}},"10":{"start":{"line":11,"column":30},"end":{"line":11,"column":34}}},"fnMap":{},"branchMap":{},"s":{"0":0,"1":0,"2":0,"3":0,"4":0,"5":0,"6":0,"7":0,"8":0,"9":0,"10":0},"f":{},"b":{},"inputSourceMap":null}
,"C:\\Users\\USER\\Desktop\\space-invaders- deepseek\\frontend\\src\\utils\\helpers.js": {"path":"C:\\Users\\USER\\Desktop\\space-invaders- deepseek\\frontend\\src\\utils\\helpers.js","statementMap":{"0":{"start":{"line":2,"column":4},"end":{"line":2,"column":45}},"1":{"start":{"line":6,"column":4},"end":{"line":6,"column":61}},"2":{"start":{"line":10,"column":4},"end":{"line":13,"column":41}}},"fnMap":{"0":{"name":"formatScore","decl":{"start":{"line":1,"column":16},"end":{"line":1,"column":27}},"loc":{"start":{"line":1,"column":35},"end":{"line":3,"column":1}},"line":1},"1":{"name":"getRandomInt","decl":{"start":{"line":5,"column":16},"end":{"line":5,"column":28}},"loc":{"start":{"line":5,"column":39},"end":{"line":7,"column":1}},"line":5},"2":{"name":"checkCollision","decl":{"start":{"line":9,"column":16},"end":{"line":9,"column":30}},"loc":{"start":{"line":9,"column":43},"end":{"line":14,"column":1}},"line":9}},"branchMap":{"0":{"loc":{"start":{"line":10,"column":11},"end":{"line":13,"column":40}},"type":"binary-expr","locations":[{"start":{"line":10,"column":11},"end":{"line":10,"column":39}},{"start":{"line":11,"column":11},"end":{"line":11,"column":39}},{"start":{"line":12,"column":11},"end":{"line":12,"column":40}},{"start":{"line":13,"column":11},"end":{"line":13,"column":40}}],"line":10}},"s":{"0":0,"1":0,"2":0},"f":{"0":0,"1":0,"2":0},"b":{"0":[0,0,0,0]},"inputSourceMap":null}
}
