TN:
SF:src\game\bullet.js
FN:2,Bullet
FN:11,update
FN:19,isOutOfBounds
FNF:3
FNH:3
FNDA:34,Bullet
FNDA:6,update
FNDA:7,isOutOfBounds
DA:1,1
DA:2,1
DA:3,34
DA:4,34
DA:5,34
DA:6,34
DA:7,34
DA:8,34
DA:9,34
DA:10,1
DA:11,1
DA:12,6
DA:13,5
DA:14,6
DA:15,1
DA:16,1
DA:17,6
DA:18,1
DA:19,1
DA:20,7
DA:21,5
DA:22,7
DA:23,2
DA:24,2
DA:25,7
DA:26,1
LF:26
LH:26
BRDA:1,0,0,1
BRDA:2,1,0,34
BRDA:11,2,0,6
BRDA:12,3,0,5
BRDA:14,4,0,1
BRDA:19,5,0,7
BRDA:20,6,0,5
BRDA:22,7,0,2
BRF:8
BRH:8
end_of_record
TN:
SF:src\game\enemy.js
FN:2,Enemy
FN:12,shoot
FNF:2
FNH:2
FNDA:565,Enemy
FNDA:11,shoot
DA:1,1
DA:2,1
DA:3,565
DA:4,565
DA:5,565
DA:6,565
DA:7,565
DA:8,565
DA:9,565
DA:10,565
DA:11,1
DA:12,1
DA:13,11
DA:14,11
DA:15,10
DA:16,10
DA:17,10
DA:18,10
DA:19,10
DA:20,10
DA:21,10
DA:22,10
DA:23,10
DA:24,1
DA:25,11
DA:26,1
LF:26
LH:26
BRDA:1,0,0,1
BRDA:2,1,0,565
BRDA:12,2,0,11
BRDA:14,3,0,10
BRDA:24,4,0,1
BRF:5
BRH:5
end_of_record
TN:
SF:src\game\player.js
FN:2,Player
FN:12,move
FN:21,takeDamage
FN:29,shoot
FNF:4
FNH:4
FNDA:41,Player
FNDA:4,move
FNDA:14,takeDamage
FNDA:5,shoot
DA:1,1
DA:2,1
DA:3,41
DA:4,41
DA:5,41
DA:6,41
DA:7,41
DA:8,41
DA:9,41
DA:10,41
DA:11,1
DA:12,1
DA:13,4
DA:14,2
DA:15,2
DA:16,4
DA:17,2
DA:18,2
DA:19,4
DA:20,1
DA:21,1
DA:22,14
DA:23,14
DA:24,5
DA:25,5
DA:26,14
DA:27,14
DA:28,1
DA:29,1
DA:30,5
DA:31,5
DA:32,5
DA:33,5
DA:34,5
DA:35,5
DA:36,5
DA:37,5
DA:38,1
LF:38
LH:38
BRDA:1,0,0,1
BRDA:2,1,0,41
BRDA:12,2,0,4
BRDA:13,3,0,2
BRDA:16,4,0,2
BRDA:21,5,0,14
BRDA:23,6,0,5
BRDA:29,7,0,5
BRF:8
BRH:8
end_of_record
TN:
SF:src\scenes\gameOverScene.js
FN:4,GameOverScene
FN:9,enter
FN:14,draw
FNF:3
FNH:3
FNDA:15,GameOverScene
FNDA:13,enter
FNDA:10,draw
DA:1,1
DA:2,1
DA:3,1
DA:4,1
DA:5,15
DA:6,15
DA:7,15
DA:8,1
DA:9,1
DA:10,13
DA:11,13
DA:12,13
DA:13,1
DA:14,1
DA:15,10
DA:16,10
DA:17,10
DA:18,10
DA:19,10
DA:20,10
DA:21,10
DA:22,10
DA:23,10
DA:24,10
DA:25,10
DA:26,10
DA:27,10
DA:28,10
DA:29,10
DA:30,10
DA:31,10
DA:32,10
DA:33,10
DA:34,10
DA:35,10
DA:36,10
DA:37,10
DA:38,10
DA:39,10
DA:40,1
LF:40
LH:40
BRDA:1,0,0,1
BRDA:4,1,0,15
BRDA:9,2,0,13
BRDA:10,3,0,2
BRDA:11,4,0,8
BRDA:14,5,0,10
BRDA:16,6,0,3
BRDA:16,7,0,7
BRDA:19,8,0,3
BRDA:19,9,0,7
BRDA:33,10,0,4
BRDA:33,11,0,6
BRF:12
BRH:12
end_of_record
TN:
SF:src\scenes\gameScene.js
FN:7,GameScene
FN:20,enter
FN:32,createEnemies
FN:40,update
FN:50,updateBullets
FN:57,updateEnemyBullets
FN:64,enemyShooting
FN:96,checkCollisions
FN:132,checkBulletCollision
FN:139,checkGameStatus
FN:154,draw
FN:203,handleInput
FN:217,shoot
FN:230,exit
FNF:14
FNH:11
FNDA:23,GameScene
FNDA:23,enter
FNDA:23,createEnemies
FNDA:2,update
FNDA:1,updateBullets
FNDA:1,updateEnemyBullets
FNDA:1,enemyShooting
FNDA:14,checkCollisions
FNDA:311,checkBulletCollision
FNDA:8,checkGameStatus
FNDA:2,draw
FNDA:0,handleInput
FNDA:0,shoot
FNDA:0,exit
DA:1,1
DA:2,1
DA:3,1
DA:4,1
DA:5,1
DA:6,1
DA:7,1
DA:8,23
DA:9,23
DA:10,23
DA:11,23
DA:12,23
DA:13,23
DA:14,23
DA:15,23
DA:16,23
DA:17,23
DA:18,23
DA:19,1
DA:20,1
DA:21,23
DA:22,23
DA:23,23
DA:24,23
DA:25,23
DA:26,23
DA:27,23
DA:28,23
DA:29,23
DA:30,23
DA:31,1
DA:32,1
DA:33,23
DA:34,69
DA:35,552
DA:36,552
DA:37,69
DA:38,23
DA:39,1
DA:40,1
DA:41,2
DA:42,1
DA:43,1
DA:44,1
DA:45,1
DA:46,1
DA:47,1
DA:48,2
DA:49,1
DA:50,1
DA:51,1
DA:52,1
DA:53,1
DA:54,1
DA:55,1
DA:56,1
DA:57,1
DA:58,1
DA:59,0
DA:60,0
DA:61,1
DA:62,1
DA:63,1
DA:64,1
DA:65,1
DA:66,1
DA:67,1
DA:68,1
DA:69,1
DA:70,1
DA:71,1
DA:72,1
DA:73,1
DA:74,1
DA:75,1
DA:76,1
DA:77,1
DA:78,1
DA:79,1
DA:80,1
DA:81,1
DA:82,1
DA:83,1
DA:84,1
DA:85,1
DA:86,1
DA:87,1
DA:88,1
DA:89,1
DA:90,1
DA:91,1
DA:92,1
DA:93,1
DA:94,1
DA:95,1
DA:96,1
DA:97,14
DA:98,14
DA:99,15
DA:100,15
DA:101,319
DA:102,319
DA:103,14
DA:104,14
DA:105,14
DA:106,14
DA:107,14
DA:108,319
DA:109,15
DA:110,14
DA:111,14
DA:112,14
DA:113,6
DA:114,6
DA:115,6
DA:116,6
DA:117,6
DA:118,3
DA:119,3
DA:120,3
DA:121,3
DA:122,3
DA:123,3
DA:124,3
DA:125,3
DA:126,3
DA:127,3
DA:128,6
DA:129,6
DA:130,14
DA:131,1
DA:132,1
DA:133,311
DA:134,311
DA:135,311
DA:136,311
DA:137,311
DA:138,1
DA:139,1
DA:140,8
DA:141,8
DA:142,5
DA:143,5
DA:144,5
DA:145,5
DA:146,5
DA:147,5
DA:148,5
DA:149,5
DA:150,5
DA:151,5
DA:152,8
DA:153,1
DA:154,1
DA:155,2
DA:156,2
DA:157,2
DA:158,2
DA:159,2
DA:160,2
DA:161,2
DA:162,2
DA:163,2
DA:164,2
DA:165,2
DA:166,2
DA:167,2
DA:168,48
DA:169,48
DA:170,48
DA:171,2
DA:172,2
DA:173,2
DA:174,2
DA:175,2
DA:176,0
DA:177,2
DA:178,2
DA:179,2
DA:180,2
DA:181,2
DA:182,0
DA:183,2
DA:184,2
DA:185,2
DA:186,2
DA:187,2
DA:188,2
DA:189,2
DA:190,2
DA:191,2
DA:192,2
DA:193,2
DA:194,2
DA:195,2
DA:196,2
DA:197,2
DA:198,2
DA:199,2
DA:200,2
DA:201,2
DA:202,1
DA:203,1
DA:204,0
DA:205,0
DA:206,0
DA:207,0
DA:208,0
DA:209,0
DA:210,0
DA:211,0
DA:212,0
DA:213,0
DA:214,0
DA:215,0
DA:216,1
DA:217,1
DA:218,0
DA:219,0
DA:220,0
DA:221,0
DA:222,0
DA:223,0
DA:224,0
DA:225,0
DA:226,0
DA:227,0
DA:228,0
DA:229,1
DA:230,1
DA:231,0
DA:232,0
DA:233,0
DA:234,0
DA:235,1
LF:235
LH:204
BRDA:1,0,0,1
BRDA:7,1,0,23
BRDA:20,2,0,23
BRDA:32,3,0,23
BRDA:33,4,0,69
BRDA:34,5,0,552
BRDA:40,6,0,2
BRDA:41,7,0,1
BRDA:50,8,0,1
BRDA:51,9,0,1
BRDA:57,10,0,1
BRDA:64,11,0,1
BRDA:69,12,0,0
BRDA:74,13,0,0
BRDA:72,14,0,24
BRDA:96,15,0,14
BRDA:98,16,0,15
BRDA:100,17,0,319
BRDA:102,18,0,305
BRDA:102,19,0,14
BRDA:112,20,0,6
BRDA:117,21,0,3
BRDA:121,22,0,3
BRDA:132,23,0,311
BRDA:133,24,0,275
BRDA:134,25,0,48
BRDA:135,26,0,48
BRDA:139,27,0,8
BRDA:141,28,0,6
BRDA:141,29,0,5
BRDA:140,30,0,168
BRDA:145,31,0,5
BRDA:154,32,0,2
BRDA:196,33,0,1
BRDA:196,34,0,1
BRDA:199,35,0,1
BRDA:199,36,0,1
BRDA:167,37,0,48
BRF:38
BRH:36
end_of_record
TN:
SF:src\scenes\leaderboardScene.js
FN:4,LeaderboardScene
FN:9,enter
FN:13,draw
FNF:3
FNH:3
FNDA:12,LeaderboardScene
FNDA:2,enter
FNDA:9,draw
DA:1,1
DA:2,1
DA:3,1
DA:4,1
DA:5,12
DA:6,12
DA:7,12
DA:8,1
DA:9,1
DA:10,2
DA:11,2
DA:12,1
DA:13,1
DA:14,9
DA:15,9
DA:16,9
DA:17,9
DA:18,9
DA:19,9
DA:20,9
DA:21,3
DA:22,3
DA:23,3
DA:24,3
DA:25,9
DA:26,6
DA:27,6
DA:28,6
DA:29,6
DA:30,6
DA:31,6
DA:32,6
DA:33,6
DA:34,6
DA:35,6
DA:36,6
DA:37,6
DA:38,6
DA:39,6
DA:40,25
DA:41,25
DA:42,25
DA:43,25
DA:44,25
DA:45,25
DA:46,25
DA:47,25
DA:48,25
DA:49,25
DA:50,25
DA:51,25
DA:52,25
DA:53,6
DA:54,6
DA:55,9
DA:56,9
DA:57,9
DA:58,9
DA:59,9
DA:60,9
DA:61,9
DA:62,1
LF:62
LH:62
BRDA:1,0,0,1
BRDA:4,1,0,12
BRDA:9,2,0,2
BRDA:13,3,0,9
BRDA:20,4,0,3
BRDA:25,5,0,6
BRDA:39,6,0,25
BRF:7
BRH:7
end_of_record
TN:
SF:src\scenes\sceneManager.js
FN:2,SceneManager
FN:7,registerScene
FN:11,changeScene
FN:19,getCurrentScene
FNF:4
FNH:4
FNDA:13,SceneManager
FNDA:13,registerScene
FNDA:8,changeScene
FNDA:3,getCurrentScene
DA:1,1
DA:2,1
DA:3,13
DA:4,13
DA:5,13
DA:6,1
DA:7,1
DA:8,13
DA:9,13
DA:10,1
DA:11,1
DA:12,8
DA:13,7
DA:14,7
DA:15,7
DA:16,7
DA:17,8
DA:18,1
DA:19,1
DA:20,3
DA:21,3
DA:22,1
LF:22
LH:22
BRDA:1,0,0,1
BRDA:2,1,0,13
BRDA:7,2,0,13
BRDA:11,3,0,8
BRDA:12,4,0,7
BRDA:19,5,0,3
BRF:6
BRH:6
end_of_record
TN:
SF:src\scenes\startScene.js
FN:4,StartScene
FN:9,enter
FN:13,draw
FNF:3
FNH:3
FNDA:9,StartScene
FNDA:1,enter
FNDA:6,draw
DA:1,1
DA:2,1
DA:3,1
DA:4,1
DA:5,9
DA:6,9
DA:7,9
DA:8,1
DA:9,1
DA:10,1
DA:11,1
DA:12,1
DA:13,1
DA:14,6
DA:15,6
DA:16,6
DA:17,6
DA:18,6
DA:19,6
DA:20,6
DA:21,6
DA:22,6
DA:23,6
DA:24,6
DA:25,6
DA:26,6
DA:27,6
DA:28,6
DA:29,30
DA:30,30
DA:31,6
DA:32,6
DA:33,6
DA:34,6
DA:35,6
DA:36,6
DA:37,6
DA:38,6
DA:39,6
DA:40,6
DA:41,1
LF:41
LH:41
BRDA:1,0,0,1
BRDA:4,1,0,9
BRDA:9,2,0,1
BRDA:13,3,0,6
BRDA:28,4,0,30
BRF:5
BRH:5
end_of_record
TN:
SF:src\utils\apiClient.js
FN:3,submitScore
FN:24,getLeaderboard
FNF:2
FNH:2
FNDA:7,submitScore
FNDA:8,getLeaderboard
DA:1,1
DA:2,1
DA:3,1
DA:4,7
DA:5,7
DA:6,7
DA:7,7
DA:8,7
DA:9,7
DA:10,7
DA:11,7
DA:12,5
DA:13,7
DA:14,1
DA:15,1
DA:16,4
DA:17,4
DA:18,7
DA:19,3
DA:20,3
DA:21,3
DA:22,7
DA:23,1
DA:24,1
DA:25,8
DA:26,8
DA:27,6
DA:28,8
DA:29,1
DA:30,1
DA:31,5
DA:32,5
DA:33,5
DA:34,5
DA:35,8
DA:36,3
DA:37,3
DA:38,3
DA:39,3
DA:40,3
DA:41,3
DA:42,3
DA:43,8
LF:43
LH:43
BRDA:1,0,0,1
BRDA:3,1,0,7
BRDA:12,2,0,5
BRDA:13,3,0,1
BRDA:16,4,0,4
BRDA:18,5,0,3
BRDA:24,6,0,8
BRDA:27,7,0,6
BRDA:28,8,0,1
BRDA:31,9,0,5
BRDA:35,10,0,3
BRF:11
BRH:11
end_of_record
TN:
SF:src\utils\constants.js
FNF:0
FNH:0
DA:1,1
DA:2,1
DA:3,1
DA:4,1
DA:5,1
DA:6,1
DA:7,1
DA:8,1
DA:9,1
DA:10,1
DA:11,1
LF:11
LH:11
BRDA:1,0,0,1
BRF:1
BRH:1
end_of_record
TN:
SF:src\utils\helpers.js
FN:1,formatScore
FN:5,getRandomInt
FN:9,checkCollision
FNF:3
FNH:3
FNDA:4,formatScore
FNDA:101,getRandomInt
FNDA:3,checkCollision
DA:1,1
DA:2,4
DA:3,4
DA:4,1
DA:5,1
DA:6,101
DA:7,101
DA:8,1
DA:9,1
DA:10,3
DA:11,3
DA:12,3
DA:13,3
DA:14,3
LF:14
LH:14
BRDA:1,0,0,1
BRDA:1,1,0,4
BRDA:5,2,0,101
BRDA:9,3,0,3
BRDA:11,4,0,1
BRDA:12,5,0,1
BRF:6
BRH:6
end_of_record
