TN:
SF:server.js
FNF:0
FNH:0
DA:1,1
DA:2,1
DA:3,1
DA:4,1
DA:5,1
DA:6,1
DA:7,1
DA:8,1
DA:9,1
DA:10,1
DA:11,1
DA:12,1
DA:13,1
DA:14,1
DA:15,1
DA:16,1
DA:17,1
DA:18,1
DA:19,1
DA:20,1
DA:21,1
DA:22,1
DA:23,1
DA:24,1
DA:25,1
DA:26,1
DA:27,1
DA:28,1
DA:29,0
DA:30,0
DA:31,0
DA:32,0
DA:33,0
DA:34,0
DA:35,1
DA:36,1
DA:37,1
DA:38,1
DA:39,0
DA:40,0
DA:41,0
DA:42,1
DA:43,1
DA:44,1
DA:45,1
DA:46,0
DA:47,0
DA:48,0
DA:49,0
DA:50,0
DA:51,1
DA:52,1
DA:53,1
DA:54,1
DA:55,0
DA:56,0
DA:57,0
DA:58,0
DA:59,1
DA:60,1
DA:61,1
DA:62,1
DA:63,0
DA:64,0
DA:65,0
DA:66,0
DA:67,0
DA:68,1
DA:69,1
LF:69
LH:46
BRDA:1,0,0,1
BRDA:14,1,0,0
BRDA:62,2,0,0
BRF:3
BRH:1
end_of_record
TN:
SF:config\database.js
FN:19,query
FNF:1
FNH:0
FNDA:0,query
DA:1,1
DA:2,1
DA:3,1
DA:4,1
DA:5,1
DA:6,1
DA:7,1
DA:8,1
DA:9,1
DA:10,1
DA:11,1
DA:12,1
DA:13,1
DA:14,1
DA:15,1
DA:16,1
DA:17,1
DA:18,1
DA:19,1
DA:20,0
DA:21,0
DA:22,0
DA:23,0
DA:24,0
DA:25,0
DA:26,0
DA:27,0
DA:28,1
DA:29,1
LF:29
LH:21
BRDA:1,0,0,1
BRDA:7,1,0,0
BRDA:8,2,0,0
BRDA:9,3,0,0
BRDA:10,4,0,0
BRDA:11,5,0,0
BRF:6
BRH:1
end_of_record
TN:
SF:controllers\scoreController.js
FN:4,submitScore
FN:23,getLeaderboard
FN:42,healthCheck
FNF:3
FNH:3
FNDA:2,submitScore
FNDA:4,getLeaderboard
FNDA:3,healthCheck
DA:1,1
DA:2,1
DA:3,1
DA:4,1
DA:5,2
DA:6,2
DA:7,2
DA:8,1
DA:9,1
DA:10,1
DA:11,1
DA:12,1
DA:13,1
DA:14,1
DA:15,1
DA:16,1
DA:17,1
DA:18,1
DA:19,1
DA:20,1
DA:21,2
DA:22,1
DA:23,1
DA:24,4
DA:25,4
DA:26,4
DA:27,3
DA:28,3
DA:29,3
DA:30,3
DA:31,3
DA:32,3
DA:33,4
DA:34,1
DA:35,1
DA:36,1
DA:37,1
DA:38,1
DA:39,1
DA:40,4
DA:41,1
DA:42,1
DA:43,3
DA:44,3
DA:45,3
DA:46,2
DA:47,2
DA:48,2
DA:49,2
DA:50,2
DA:51,2
DA:52,3
DA:53,1
DA:54,1
DA:55,1
DA:56,1
DA:57,1
DA:58,1
DA:59,1
DA:60,3
DA:61,1
LF:61
LH:61
BRDA:1,0,0,1
BRDA:4,1,0,2
BRDA:8,2,0,1
BRDA:23,3,0,4
BRDA:27,4,0,3
BRDA:33,5,0,1
BRDA:42,6,0,3
BRDA:46,7,0,2
BRDA:52,8,0,1
BRF:9
BRH:9
end_of_record
TN:
SF:middleware\validation.js
FN:1,validateScore
FN:24,validateLimit
FNF:2
FNH:2
FNDA:8,validateScore
FNDA:4,validateLimit
DA:1,1
DA:2,8
DA:3,8
DA:4,8
DA:5,3
DA:6,3
DA:7,3
DA:8,3
DA:9,5
DA:10,8
DA:11,3
DA:12,3
DA:13,3
DA:14,3
DA:15,2
DA:16,2
DA:17,8
DA:18,1
DA:19,1
DA:20,2
DA:21,2
DA:22,8
DA:23,1
DA:24,1
DA:25,4
DA:26,4
DA:27,4
DA:28,1
DA:29,1
DA:30,1
DA:31,1
DA:32,3
DA:33,3
DA:34,3
DA:35,4
LF:35
LH:35
BRDA:1,0,0,1
BRDA:1,1,0,8
BRDA:4,2,0,7
BRDA:4,3,0,6
BRDA:4,4,0,3
BRDA:9,5,0,5
BRDA:10,6,0,4
BRDA:10,7,0,3
BRDA:10,8,0,3
BRDA:15,9,0,2
BRDA:17,10,0,1
BRDA:20,11,0,2
BRDA:24,12,0,4
BRDA:25,13,0,2
BRDA:27,14,0,1
BRDA:32,15,0,3
BRF:16
BRH:16
end_of_record
TN:
SF:routes\scores.js
FNF:0
FNH:0
DA:1,1
DA:2,1
DA:3,1
DA:4,1
DA:5,1
DA:6,1
DA:7,1
DA:8,1
DA:9,1
DA:10,1
DA:11,1
LF:11
LH:11
BRDA:1,0,0,1
BRF:1
BRH:1
end_of_record
TN:
SF:services\scoreService.js
FN:4,createScore
FN:10,getTopScores
FN:15,getScoreById
FN:21,getTotalScores
FNF:4
FNH:0
FNDA:0,createScore
FNDA:0,getTopScores
FNDA:0,getScoreById
FNDA:0,getTotalScores
DA:1,1
DA:2,1
DA:3,1
DA:4,1
DA:5,0
DA:6,0
DA:7,0
DA:8,0
DA:9,1
DA:10,1
DA:11,0
DA:12,0
DA:13,0
DA:14,1
DA:15,1
DA:16,0
DA:17,0
DA:18,0
DA:19,0
DA:20,1
DA:21,1
DA:22,0
DA:23,0
DA:24,0
DA:25,0
DA:26,1
LF:26
LH:11
BRDA:1,0,0,1
BRF:1
BRH:1
end_of_record
